"C:/Users/Wess9/OneDrive/Documents/GitHub/JeuMultijoueur/JeuMultijoueur.uproject" 1
"../../../Engine/Binaries/Win64/UE4Editor.modules" 2
"../../../Engine/Binaries/Win64/Android/UE4Editor.modules" 3
"../../../Engine/Binaries/Win64/HTML5/UE4Editor.modules" 4
"../../../Engine/Binaries/Win64/IOS/UE4Editor.modules" 5
"../../../Engine/Binaries/Win64/Linux/UE4Editor.modules" 6
"../../../Engine/Binaries/Win64/Lumin/UE4Editor.modules" 7
"../../../Engine/Plugins/2D/Paper2D/Paper2D.uplugin" 8
"../../../Engine/Plugins/AI/AISupport/AISupport.uplugin" 9
"../../../Engine/Plugins/AI/HTNPlanner/HTNPlanner.uplugin" 10
"../../../Engine/Plugins/Animation/LiveLink/LiveLink.uplugin" 11
"../../../Engine/Plugins/Blendables/LightPropagationVolume/LightPropagationVolume.uplugin" 12
"../../../Engine/Plugins/Compositing/Composure/Composure.uplugin" 13
"../../../Engine/Plugins/Compositing/LensDistortion/LensDistortion.uplugin" 14
"../../../Engine/Plugins/Compositing/OpenCVLensDistortion/OpenCVLensDistortion.uplugin" 15
"../../../Engine/Plugins/Developer/BlankPlugin/BlankPlugin.uplugin" 16
"../../../Engine/Plugins/Developer/CLionSourceCodeAccess/CLionSourceCodeAccess.uplugin" 17
"../../../Engine/Plugins/Developer/CodeLiteSourceCodeAccess/CodeLiteSourceCodeAccess.uplugin" 18
"../../../Engine/Plugins/Developer/GitSourceControl/GitSourceControl.uplugin" 19
"../../../Engine/Plugins/Developer/KDevelopSourceCodeAccess/KDevelopSourceCodeAccess.uplugin" 20
"../../../Engine/Plugins/Developer/NullSourceCodeAccess/NullSourceCodeAccess.uplugin" 21
"../../../Engine/Plugins/Developer/OneSkyLocalizationService/OneSkyLocalizationService.uplugin" 22
"../../../Engine/Plugins/Developer/PerforceSourceControl/PerforceSourceControl.uplugin" 23
"../../../Engine/Plugins/Developer/RenderDocPlugin/RenderDocPlugin.uplugin" 24
"../../../Engine/Plugins/Developer/SubversionSourceControl/SubversionSourceControl.uplugin" 25
"../../../Engine/Plugins/Developer/UObjectPlugin/UObjectPlugin.uplugin" 26
"../../../Engine/Plugins/Developer/VisualStudioCodeSourceCodeAccess/VisualStudioCodeSourceCodeAccess.uplugin" 27
"../../../Engine/Plugins/Developer/VisualStudioSourceCodeAccess/VisualStudioSourceCodeAccess.uplugin" 28
"../../../Engine/Plugins/Developer/XCodeSourceCodeAccess/XCodeSourceCodeAccess.uplugin" 29
"../../../Engine/Plugins/Editor/AssetManagerEditor/AssetManagerEditor.uplugin" 30
"../../../Engine/Plugins/Editor/BlueprintMaterialTextureNodes/BlueprintMaterialTextureNodes.uplugin" 31
"../../../Engine/Plugins/Editor/CryptoKeys/CryptoKeys.uplugin" 32
"../../../Engine/Plugins/Editor/DataValidation/DataValidation.uplugin" 33
"../../../Engine/Plugins/Editor/EditorScriptingUtilities/EditorScriptingUtilities.uplugin" 34
"../../../Engine/Plugins/Editor/FacialAnimation/FacialAnimation.uplugin" 35
"../../../Engine/Plugins/Editor/GameplayTagsEditor/GameplayTagsEditor.uplugin" 36
"../../../Engine/Plugins/Editor/GLTFImporter/GLTFImporter.uplugin" 37
"../../../Engine/Plugins/Editor/MacGraphicsSwitching/MacGraphicsSwitching.uplugin" 38
"../../../Engine/Plugins/Editor/MeshEditor/MeshEditor.uplugin" 39
"../../../Engine/Plugins/Editor/MobileLauncherProfileWizard/MobileLauncherProfileWizard.uplugin" 40
"../../../Engine/Plugins/Editor/PluginBrowser/PluginBrowser.uplugin" 41
"../../../Engine/Plugins/Editor/SpeedTreeImporter/SpeedTreeImporter.uplugin" 42
"../../../Engine/Plugins/Editor/USDImporter/USDImporter.uplugin" 43
"../../../Engine/Plugins/Enterprise/DatasmithContent/DatasmithContent.uplugin" 44
"../../../Engine/Plugins/Experimental/AlembicImporter/AlembicImporter.uplugin" 45
"../../../Engine/Plugins/Experimental/AppleImageUtils/AppleImageUtils.uplugin" 46
"../../../Engine/Plugins/Experimental/AppleVision/AppleVision.uplugin" 47
"../../../Engine/Plugins/Experimental/BackChannel/BackChannel.uplugin" 48
"../../../Engine/Plugins/Experimental/BlueprintStats/BlueprintStats.uplugin" 49
"../../../Engine/Plugins/Experimental/CharacterAI/CharacterAI.uplugin" 50
"../../../Engine/Plugins/Experimental/CodeEditor/CodeEditor.uplugin" 51
"../../../Engine/Plugins/Experimental/CodeView/CodeView.uplugin" 52
"../../../Engine/Plugins/Experimental/ControlRig/ControlRig.uplugin" 53
"../../../Engine/Plugins/Experimental/Gauntlet/Gauntlet.uplugin" 54
"../../../Engine/Plugins/Experimental/GeometryCache/GeometryCache.uplugin" 55
"../../../Engine/Plugins/Experimental/HTML5Networking/HTML5Networking.uplugin" 56
"../../../Engine/Plugins/Experimental/ImagePlate/ImagePlate.uplugin" 57
"../../../Engine/Plugins/Experimental/OSVR/OSVR.uplugin" 58
"../../../Engine/Plugins/Experimental/PlatformCrypto/PlatformCrypto.uplugin" 59
"../../../Engine/Plugins/Experimental/ProxyLODPlugin/ProxyLODPlugin.uplugin" 60
"../../../Engine/Plugins/Experimental/PythonScriptPlugin/PythonScriptPlugin.uplugin" 61
"../../../Engine/Plugins/Experimental/RawInput/RawInput.uplugin" 62
"../../../Engine/Plugins/Experimental/RemoteSession/RemoteSession.uplugin" 63
"../../../Engine/Plugins/Experimental/Shotgun/Shotgun.uplugin" 64
"../../../Engine/Plugins/Experimental/SimpleHMD/SimpleHMD.uplugin" 65
"../../../Engine/Plugins/Experimental/StereoPanorama/StereoPanorama.uplugin" 66
"../../../Engine/Plugins/Experimental/StructBox/StructBox.uplugin" 67
"../../../Engine/Plugins/Experimental/VirtualCamera/VirtualCamera.uplugin" 68
"../../../Engine/Plugins/FX/HoudiniNiagara/HoudiniNiagara.uplugin" 69
"../../../Engine/Plugins/FX/Niagara/Niagara.uplugin" 70
"../../../Engine/Plugins/FX/NiagaraExtras/NiagaraExtras.uplugin" 71
"../../../Engine/Plugins/Lumin/MagicLeap/MagicLeap.uplugin" 72
"../../../Engine/Plugins/Lumin/MagicLeapEmulator/MagicLeapEmulator.uplugin" 73
"../../../Engine/Plugins/Lumin/MagicLeapMedia/MagicLeapMedia.uplugin" 74
"../../../Engine/Plugins/Lumin/MagicLeapScreens/MagicLeapScreens.uplugin" 75
"../../../Engine/Plugins/Marketplace/UINavigation/UINavigation.uplugin" 76
"../../../Engine/Plugins/Media/AjaMedia/AjaMedia.uplugin" 77
"../../../Engine/Plugins/Media/AndroidCamera/AndroidCamera.uplugin" 78
"../../../Engine/Plugins/Media/AndroidMedia/AndroidMedia.uplugin" 79
"../../../Engine/Plugins/Media/AudioCaptureTimecodeProvider/AudioCaptureTimecodeProvider.uplugin" 80
"../../../Engine/Plugins/Media/AvfMedia/AvfMedia.uplugin" 81
"../../../Engine/Plugins/Media/ImgMedia/ImgMedia.uplugin" 82
"../../../Engine/Plugins/Media/LinearTimecode/LinearTimecode.uplugin" 83
"../../../Engine/Plugins/Media/MediaCompositing/MediaCompositing.uplugin" 84
"../../../Engine/Plugins/Media/MediaFrameworkUtilities/MediaFrameworkUtilities.uplugin" 85
"../../../Engine/Plugins/Media/MediaPlayerEditor/MediaPlayerEditor.uplugin" 86
"../../../Engine/Plugins/Media/MfMedia/MfMedia.uplugin" 87
"../../../Engine/Plugins/Media/TimecodeSynchronizer/TimecodeSynchronizer.uplugin" 88
"../../../Engine/Plugins/Media/WmfMedia/WmfMedia.uplugin" 89
"../../../Engine/Plugins/Messaging/MessagingDebugger/MessagingDebugger.uplugin" 90
"../../../Engine/Plugins/Messaging/TcpMessaging/TcpMessaging.uplugin" 91
"../../../Engine/Plugins/Messaging/UdpMessaging/UdpMessaging.uplugin" 92
"../../../Engine/Plugins/MovieScene/ActorSequence/ActorSequence.uplugin" 93
"../../../Engine/Plugins/MovieScene/ActorSequenceEditor/ActorSequenceEditor.uplugin" 94
"../../../Engine/Plugins/MovieScene/LevelSequenceEditor/LevelSequenceEditor.uplugin" 95
"../../../Engine/Plugins/MovieScene/MatineeToLevelSequence/MatineeToLevelSequence.uplugin" 96
"../../../Engine/Plugins/MovieScene/SequencerScripting/SequencerScripting.uplugin" 97
"../../../Engine/Plugins/NetcodeUnitTest/NetcodeUnitTest/NetcodeUnitTest.uplugin" 98
"../../../Engine/Plugins/NetcodeUnitTest/NUTUnrealEngine4/NUTUnrealEngine4.uplugin" 99
"../../../Engine/Plugins/Online/Android/OnlineSubsystemGameCircle/OnlineSubsystemGameCircle.uplugin" 100
"../../../Engine/Plugins/Online/Android/OnlineSubsystemGooglePlay/OnlineSubsystemGooglePlay.uplugin" 101
"../../../Engine/Plugins/Online/IOS/OnlineSubsystemIOS/OnlineSubsystemIOS.uplugin" 102
"../../../Engine/Plugins/Online/OnlineFramework/OnlineFramework.uplugin" 103
"../../../Engine/Plugins/Online/OnlineSubsystem/OnlineSubsystem.uplugin" 104
"../../../Engine/Plugins/Online/OnlineSubsystemAmazon/OnlineSubsystemAmazon.uplugin" 105
"../../../Engine/Plugins/Online/OnlineSubsystemFacebook/OnlineSubsystemFacebook.uplugin" 106
"../../../Engine/Plugins/Online/OnlineSubsystemGoogle/OnlineSubsystemGoogle.uplugin" 107
"../../../Engine/Plugins/Online/OnlineSubsystemNull/OnlineSubsystemNull.uplugin" 108
"../../../Engine/Plugins/Online/OnlineSubsystemOculus/OnlineSubsystemOculus.uplugin" 109
"../../../Engine/Plugins/Online/OnlineSubsystemSteam/OnlineSubsystemSteam.uplugin" 110
"../../../Engine/Plugins/Online/OnlineSubsystemTwitch/OnlineSubsystemTwitch.uplugin" 111
"../../../Engine/Plugins/Online/OnlineSubsystemUtils/OnlineSubsystemUtils.uplugin" 112
"../../../Engine/Plugins/Performance/PerformanceMonitor/PerformanceMonitor.uplugin" 113
"../../../Engine/Plugins/Portal/LauncherChunkInstaller/LauncherChunkInstaller.uplugin" 114
"../../../Engine/Plugins/Runtime/Advertising/IOSTapJoy/IOSTapJoy.uplugin" 115
"../../../Engine/Plugins/Runtime/Analytics/Adjust/Adjust.uplugin" 116
"../../../Engine/Plugins/Runtime/Analytics/AnalyticsBlueprintLibrary/AnalyticsBlueprintLibrary.uplugin" 117
"../../../Engine/Plugins/Runtime/Analytics/AnalyticsMulticast/AnalyticsMulticast.uplugin" 118
"../../../Engine/Plugins/Runtime/Analytics/Apsalar/Apsalar.uplugin" 119
"../../../Engine/Plugins/Runtime/Analytics/FileLogging/FileLogging.uplugin" 120
"../../../Engine/Plugins/Runtime/Analytics/Flurry/Flurry.uplugin" 121
"../../../Engine/Plugins/Runtime/AndroidDeviceProfileSelector/AndroidDeviceProfileSelector.uplugin" 122
"../../../Engine/Plugins/Runtime/AndroidMoviePlayer/AndroidMoviePlayer.uplugin" 123
"../../../Engine/Plugins/Runtime/AndroidPermission/AndroidPermission.uplugin" 124
"../../../Engine/Plugins/Runtime/AnimDistanceMatching/AnimDistanceMatching.uplugin" 125
"../../../Engine/Plugins/Runtime/ApexDestruction/ApexDestruction.uplugin" 126
"../../../Engine/Plugins/Runtime/AppleARKit/AppleARKit.uplugin" 127
"../../../Engine/Plugins/Runtime/AppleARKitFaceSupport/AppleARKitFaceSupport.uplugin" 128
"../../../Engine/Plugins/Runtime/AppleMoviePlayer/AppleMoviePlayer.uplugin" 129
"../../../Engine/Plugins/Runtime/ArchVisCharacter/ArchVisCharacter.uplugin" 130
"../../../Engine/Plugins/Runtime/AudioCapture/AudioCapture.uplugin" 131
"../../../Engine/Plugins/Runtime/CableComponent/CableComponent.uplugin" 132
"../../../Engine/Plugins/Runtime/CustomMeshComponent/CustomMeshComponent.uplugin" 133
"../../../Engine/Plugins/Runtime/EditableMesh/EditableMesh.uplugin" 134
"../../../Engine/Plugins/Runtime/ExampleDeviceProfileSelector/ExampleDeviceProfileSelector.uplugin" 135
"../../../Engine/Plugins/Runtime/GameplayAbilities/GameplayAbilities.uplugin" 136
"../../../Engine/Plugins/Runtime/GoogleARCore/GoogleARCore.uplugin" 137
"../../../Engine/Plugins/Runtime/GoogleARCoreServices/GoogleARCoreServices.uplugin" 138
"../../../Engine/Plugins/Runtime/GoogleCloudMessaging/GoogleCloudMessaging.uplugin" 139
"../../../Engine/Plugins/Runtime/GoogleVR/GoogleVRController/GoogleVRController.uplugin" 140
"../../../Engine/Plugins/Runtime/GoogleVR/GoogleVRHMD/GoogleVRHMD.uplugin" 141
"../../../Engine/Plugins/Runtime/GoogleVR/GoogleVRTransition2D/GoogleVRTransition2D.uplugin" 142
"../../../Engine/Plugins/Runtime/HTTPChunkInstaller/HTTPChunkInstaller.uplugin" 143
"../../../Engine/Plugins/Runtime/ImmediatePhysics/ImmediatePhysics.uplugin" 144
"../../../Engine/Plugins/Runtime/IOSDeviceProfileSelector/IOSDeviceProfileSelector.uplugin" 145
"../../../Engine/Plugins/Runtime/LeapMotion/LeapMotion.uplugin" 146
"../../../Engine/Plugins/Runtime/LinuxDeviceProfileSelector/LinuxDeviceProfileSelector.uplugin" 147
"../../../Engine/Plugins/Runtime/LocationServicesAndroidImpl/LocationServicesAndroidImpl.uplugin" 148
"../../../Engine/Plugins/Runtime/LocationServicesBPLibrary/LocationServicesBPLibrary.uplugin" 149
"../../../Engine/Plugins/Runtime/LocationServicesIOSImpl/LocationServicesIOSImpl.uplugin" 150
"../../../Engine/Plugins/Runtime/MeshReconstruction/DummyMeshReconstructor/DummyMeshReconstructor.uplugin" 151
"../../../Engine/Plugins/Runtime/MIDIDevice/MIDIDevice.uplugin" 152
"../../../Engine/Plugins/Runtime/MixedRealityCaptureFramework/MixedRealityCaptureFramework.uplugin" 153
"../../../Engine/Plugins/Runtime/MobilePatchingUtils/MobilePatchingUtils.uplugin" 154
"../../../Engine/Plugins/Runtime/nDisplay/nDisplay.uplugin" 155
"../../../Engine/Plugins/Runtime/Nvidia/Ansel/Ansel.uplugin" 156
"../../../Engine/Plugins/Runtime/Oculus/OculusAudio/OculusAudio.uplugin" 157
"../../../Engine/Plugins/Runtime/Oculus/OculusVR/OculusVR.uplugin" 158
"../../../Engine/Plugins/Runtime/OptionalMobileFeaturesBPLibrary/OptionalMobileFeaturesBPLibrary.uplugin" 159
"../../../Engine/Plugins/Runtime/PacketHandlers/AESHandlerComponent/AESHandlerComponent.uplugin" 160
"../../../Engine/Plugins/Runtime/PhysXVehicles/PhysXVehicles.uplugin" 161
"../../../Engine/Plugins/Runtime/ProceduralMeshComponent/ProceduralMeshComponent.uplugin" 162
"../../../Engine/Plugins/Runtime/ReplicationGraph/ReplicationGraph.uplugin" 163
"../../../Engine/Plugins/Runtime/ResonanceAudio/ResonanceAudio.uplugin" 164
"../../../Engine/Plugins/Runtime/RuntimePhysXCooking/RuntimePhysXCooking.uplugin" 165
"../../../Engine/Plugins/Runtime/SignificanceManager/SignificanceManager.uplugin" 166
"../../../Engine/Plugins/Runtime/SoundMod/SoundMod.uplugin" 167
"../../../Engine/Plugins/Runtime/SoundUtilities/SoundUtilities.uplugin" 168
"../../../Engine/Plugins/Runtime/SoundVisualizations/SoundVisualizations.uplugin" 169
"../../../Engine/Plugins/Runtime/Steam/SteamAudio/SteamAudio.uplugin" 170
"../../../Engine/Plugins/Runtime/Steam/SteamController/SteamController.uplugin" 171
"../../../Engine/Plugins/Runtime/Steam/SteamVR/SteamVR.uplugin" 172
"../../../Engine/Plugins/Runtime/Synthesis/Synthesis.uplugin" 173
"../../../Engine/Plugins/Runtime/WebBrowserWidget/WebBrowserWidget.uplugin" 174
"../../../Engine/Plugins/Runtime/WindowsDeviceProfileSelector/WindowsDeviceProfileSelector.uplugin" 175
"../../../Engine/Plugins/Runtime/WindowsMoviePlayer/WindowsMoviePlayer.uplugin" 176
"../../../Engine/Plugins/ScriptPlugin/ScriptPlugin.uplugin" 177
"../../../Engine/Plugins/Slate/SlateRemote/SlateRemote.uplugin" 178
"../../../Engine/Plugins/Tests/EditorTests/EditorTests.uplugin" 179
"../../../Engine/Plugins/Tests/FbxAutomationTestBuilder/FbxAutomationTestBuilder.uplugin" 180
"../../../Engine/Plugins/Tests/FunctionalTestingEditor/FunctionalTestingEditor.uplugin" 181
"../../../Engine/Plugins/Tests/RuntimeTests/RuntimeTests.uplugin" 182
"../../../Engine/Plugins/Tests/ScreenshotTools/ScreenshotTools.uplugin" 183
"..\..\..\Engine\Content\Internationalization\icudt53l\cnvalias.icu" 184
"..\..\..\Engine\Content\Internationalization\icudt53l\res_index.res" 185
"..\..\..\Engine\Content\Internationalization\icudt53l\plurals.res" 186
"..\..\..\Engine\Content\Internationalization\icudt53l\lang\fr.res" 187
"..\..\..\Engine\Content\Internationalization\icudt53l\lang\pool.res" 188
"..\..\..\Engine\Content\Internationalization\icudt53l\lang\root.res" 189
"..\..\..\Engine\Content\Internationalization\icudt53l\region\fr.res" 190
"..\..\..\Engine\Content\Internationalization\icudt53l\region\pool.res" 191
"..\..\..\Engine\Content\Internationalization\icudt53l\region\root.res" 192
"..\..\..\Engine\Content\Internationalization\icudt53l\lang\en.res" 193
"..\..\..\Engine\Content\Internationalization\icudt53l\region\en.res" 194
"..\..\..\Engine\Content\Internationalization\icudt53l\windowsZones.res" 195
"..\..\..\Engine\Content\Internationalization\icudt53l\zoneinfo64.res" 196
"..\..\..\Engine\Content\Internationalization\icudt53l\keyTypeData.res" 197
"..\..\..\Engine\Content\Internationalization\icudt53l\timezoneTypes.res" 198
"..\..\..\Engine\Content\Internationalization\icudt53l\fr_FR.res" 199
"..\..\..\Engine\Content\Internationalization\icudt53l\pool.res" 200
"..\..\..\Engine\Content\Internationalization\icudt53l\fr.res" 201
"..\..\..\Engine\Content\Internationalization\icudt53l\root.res" 202
"C:/Users/Wess9/AppData/Local/UnrealEngine/4.20/Saved/Config/Windows/Manifest.ini" 203
"../../../Engine/Config/Linux/DataDrivenPlatformInfo.ini" 204
"../../../Engine/Config/Lumin/DataDrivenPlatformInfo.ini" 205
"../../../Engine/Config/Base.ini" 206
"../../../Engine/Config/BaseEngine.ini" 207
"C:/Users/Wess9/OneDrive/Documents/GitHub/JeuMultijoueur/Config/DefaultEngine.ini" 208
"../../../Engine/Config/Windows/WindowsEngine.ini" 209
"C:/Users/Wess9/OneDrive/Documents/GitHub/JeuMultijoueur/Saved/Config/Windows/Engine.ini" 210
"C:/Users/Wess9/OneDrive/Documents/GitHub/JeuMultijoueur/Intermediate/Config/CoalescedSourceConfigs/Engine.ini" 211
"../../../Engine/Config/BaseGame.ini" 212
"C:/Users/Wess9/OneDrive/Documents/GitHub/JeuMultijoueur/Config/DefaultGame.ini" 213
"../../../Engine/Config/Windows/WindowsGame.ini" 214
"C:/Users/Wess9/OneDrive/Documents/GitHub/JeuMultijoueur/Saved/Config/Windows/Game.ini" 215
"C:/Users/Wess9/OneDrive/Documents/GitHub/JeuMultijoueur/Intermediate/Config/CoalescedSourceConfigs/Game.ini" 216
"../../../Engine/Config/BaseInput.ini" 217
"C:/Users/Wess9/OneDrive/Documents/GitHub/JeuMultijoueur/Config/DefaultInput.ini" 218
"C:/Users/Wess9/OneDrive/Documents/GitHub/JeuMultijoueur/Saved/Config/Windows/Input.ini" 219
"C:/Users/Wess9/OneDrive/Documents/GitHub/JeuMultijoueur/Intermediate/Config/CoalescedSourceConfigs/Input.ini" 220
"../../../Engine/Config/BaseEditor.ini" 221
"C:/Users/Wess9/OneDrive/Documents/GitHub/JeuMultijoueur/Config/DefaultEditor.ini" 222
"C:/Users/Wess9/OneDrive/Documents/GitHub/JeuMultijoueur/Saved/Config/Windows/Editor.ini" 223
"C:/Users/Wess9/OneDrive/Documents/GitHub/JeuMultijoueur/Intermediate/Config/CoalescedSourceConfigs/Editor.ini" 224
"../../../Engine/Config/BaseEditorPerProjectUserSettings.ini" 225
"C:/Users/Wess9/OneDrive/Documents/GitHub/JeuMultijoueur/Config/DefaultEditorPerProjectUserSettings.ini" 226
"C:/Users/Wess9/OneDrive/Documents/GitHub/JeuMultijoueur/Saved/Config/Windows/EditorPerProjectUserSettings.ini" 227
"C:/Users/Wess9/OneDrive/Documents/GitHub/JeuMultijoueur/Intermediate/Config/CoalescedSourceConfigs/EditorPerProjectUserSettings.ini" 228
"../../../Engine/Config/BaseEditorSettings.ini" 229
"C:/Users/Wess9/AppData/Local/UnrealEngine/4.20/Saved/Config/Windows/EditorSettings.ini" 230
"C:/Users/Wess9/OneDrive/Documents/GitHub/JeuMultijoueur/Intermediate/Config/CoalescedSourceConfigs/EditorSettings.ini" 231
"../../../Engine/Config/BaseEditorLayout.ini" 232
"C:/Users/Wess9/AppData/Local/UnrealEngine/4.20/Saved/Config/Windows/EditorLayout.ini" 233
"C:/Users/Wess9/OneDrive/Documents/GitHub/JeuMultijoueur/Intermediate/Config/CoalescedSourceConfigs/EditorLayout.ini" 234
"../../../Engine/Config/BaseEditorKeyBindings.ini" 235
"C:/Users/Wess9/AppData/Local/UnrealEngine/4.20/Saved/Config/Windows/EditorKeyBindings.ini" 236
"C:/Users/Wess9/OneDrive/Documents/GitHub/JeuMultijoueur/Intermediate/Config/CoalescedSourceConfigs/EditorKeyBindings.ini" 237
"../../../Engine/Config/BaseCompat.ini" 238
"C:/Users/Wess9/OneDrive/Documents/GitHub/JeuMultijoueur/Saved/Config/Windows/Compat.ini" 239
"C:/Users/Wess9/OneDrive/Documents/GitHub/JeuMultijoueur/Intermediate/Config/CoalescedSourceConfigs/Compat.ini" 240
"../../../Engine/Config/BaseLightmass.ini" 241
"C:/Users/Wess9/OneDrive/Documents/GitHub/JeuMultijoueur/Saved/Config/Windows/Lightmass.ini" 242
"C:/Users/Wess9/OneDrive/Documents/GitHub/JeuMultijoueur/Intermediate/Config/CoalescedSourceConfigs/Lightmass.ini" 243
"../../../Engine/Config/BaseScalability.ini" 244
"C:/Users/Wess9/OneDrive/Documents/GitHub/JeuMultijoueur/Saved/Config/Windows/Scalability.ini" 245
"C:/Users/Wess9/OneDrive/Documents/GitHub/JeuMultijoueur/Intermediate/Config/CoalescedSourceConfigs/Scalability.ini" 246
"../../../Engine/Config/BaseHardware.ini" 247
"C:/Users/Wess9/OneDrive/Documents/GitHub/JeuMultijoueur/Saved/Config/Windows/Hardware.ini" 248
"C:/Users/Wess9/OneDrive/Documents/GitHub/JeuMultijoueur/Intermediate/Config/CoalescedSourceConfigs/Hardware.ini" 249
"../../../Engine/Config/BaseGameUserSettings.ini" 250
"C:/Users/Wess9/OneDrive/Documents/GitHub/JeuMultijoueur/Saved/Config/Windows/GameUserSettings.ini" 251
"C:/Users/Wess9/OneDrive/Documents/GitHub/JeuMultijoueur/Intermediate/Config/CoalescedSourceConfigs/GameUserSettings.ini" 252
"../../../Engine/Plugins/2D/Paper2D/Config/BasePaper2D.ini" 253
"C:/Users/Wess9/OneDrive/Documents/GitHub/JeuMultijoueur/Saved/Config/Windows/Paper2D.ini" 254
"C:/Users/Wess9/OneDrive/Documents/GitHub/JeuMultijoueur/Intermediate/Config/CoalescedSourceConfigs/Paper2D.ini" 255
"C:/Users/Wess9/OneDrive/Documents/GitHub/JeuMultijoueur/Intermediate/Config/CoalescedSourceConfigs/AISupport.ini" 256
"C:/Users/Wess9/OneDrive/Documents/GitHub/JeuMultijoueur/Intermediate/Config/CoalescedSourceConfigs/LightPropagationVolume.ini" 257
"C:/Users/Wess9/OneDrive/Documents/GitHub/JeuMultijoueur/Intermediate/Config/CoalescedSourceConfigs/CLionSourceCodeAccess.ini" 258
"C:/Users/Wess9/OneDrive/Documents/GitHub/JeuMultijoueur/Intermediate/Config/CoalescedSourceConfigs/CodeLiteSourceCodeAccess.ini" 259
"C:/Users/Wess9/OneDrive/Documents/GitHub/JeuMultijoueur/Intermediate/Config/CoalescedSourceConfigs/GitSourceControl.ini" 260
"C:/Users/Wess9/OneDrive/Documents/GitHub/JeuMultijoueur/Intermediate/Config/CoalescedSourceConfigs/KDevelopSourceCodeAccess.ini" 261
"C:/Users/Wess9/OneDrive/Documents/GitHub/JeuMultijoueur/Intermediate/Config/CoalescedSourceConfigs/NullSourceCodeAccess.ini" 262
"C:/Users/Wess9/OneDrive/Documents/GitHub/JeuMultijoueur/Intermediate/Config/CoalescedSourceConfigs/PerforceSourceControl.ini" 263
"C:/Users/Wess9/OneDrive/Documents/GitHub/JeuMultijoueur/Intermediate/Config/CoalescedSourceConfigs/SubversionSourceControl.ini" 264
"C:/Users/Wess9/OneDrive/Documents/GitHub/JeuMultijoueur/Intermediate/Config/CoalescedSourceConfigs/UObjectPlugin.ini" 265
"C:/Users/Wess9/OneDrive/Documents/GitHub/JeuMultijoueur/Intermediate/Config/CoalescedSourceConfigs/VisualStudioCodeSourceCodeAccess.ini" 266
"C:/Users/Wess9/OneDrive/Documents/GitHub/JeuMultijoueur/Intermediate/Config/CoalescedSourceConfigs/VisualStudioSourceCodeAccess.ini" 267
"C:/Users/Wess9/OneDrive/Documents/GitHub/JeuMultijoueur/Intermediate/Config/CoalescedSourceConfigs/XCodeSourceCodeAccess.ini" 268
"C:/Users/Wess9/OneDrive/Documents/GitHub/JeuMultijoueur/Intermediate/Config/CoalescedSourceConfigs/AssetManagerEditor.ini" 269
"C:/Users/Wess9/OneDrive/Documents/GitHub/JeuMultijoueur/Intermediate/Config/CoalescedSourceConfigs/CryptoKeys.ini" 270
"C:/Users/Wess9/OneDrive/Documents/GitHub/JeuMultijoueur/Intermediate/Config/CoalescedSourceConfigs/DataValidation.ini" 271
"C:/Users/Wess9/OneDrive/Documents/GitHub/JeuMultijoueur/Intermediate/Config/CoalescedSourceConfigs/FacialAnimation.ini" 272
"C:/Users/Wess9/OneDrive/Documents/GitHub/JeuMultijoueur/Intermediate/Config/CoalescedSourceConfigs/GameplayTagsEditor.ini" 273
"C:/Users/Wess9/OneDrive/Documents/GitHub/JeuMultijoueur/Intermediate/Config/CoalescedSourceConfigs/MacGraphicsSwitching.ini" 274
"C:/Users/Wess9/OneDrive/Documents/GitHub/JeuMultijoueur/Intermediate/Config/CoalescedSourceConfigs/MeshEditor.ini" 275
"C:/Users/Wess9/OneDrive/Documents/GitHub/JeuMultijoueur/Intermediate/Config/CoalescedSourceConfigs/MobileLauncherProfileWizard.ini" 276
"C:/Users/Wess9/OneDrive/Documents/GitHub/JeuMultijoueur/Intermediate/Config/CoalescedSourceConfigs/PluginBrowser.ini" 277
"C:/Users/Wess9/OneDrive/Documents/GitHub/JeuMultijoueur/Intermediate/Config/CoalescedSourceConfigs/SpeedTreeImporter.ini" 278
"C:/Users/Wess9/OneDrive/Documents/GitHub/JeuMultijoueur/Intermediate/Config/CoalescedSourceConfigs/DatasmithContent.ini" 279
"C:/Users/Wess9/OneDrive/Documents/GitHub/JeuMultijoueur/Intermediate/Config/CoalescedSourceConfigs/AlembicImporter.ini" 280
"C:/Users/Wess9/OneDrive/Documents/GitHub/JeuMultijoueur/Intermediate/Config/CoalescedSourceConfigs/AppleImageUtils.ini" 281
"C:/Users/Wess9/OneDrive/Documents/GitHub/JeuMultijoueur/Intermediate/Config/CoalescedSourceConfigs/AppleVision.ini" 282
"C:/Users/Wess9/OneDrive/Documents/GitHub/JeuMultijoueur/Intermediate/Config/CoalescedSourceConfigs/BackChannel.ini" 283
"C:/Users/Wess9/OneDrive/Documents/GitHub/JeuMultijoueur/Intermediate/Config/CoalescedSourceConfigs/CharacterAI.ini" 284
"C:/Users/Wess9/OneDrive/Documents/GitHub/JeuMultijoueur/Intermediate/Config/CoalescedSourceConfigs/GeometryCache.ini" 285
"C:/Users/Wess9/OneDrive/Documents/GitHub/JeuMultijoueur/Intermediate/Config/CoalescedSourceConfigs/HTML5Networking.ini" 286
"C:/Users/Wess9/OneDrive/Documents/GitHub/JeuMultijoueur/Intermediate/Config/CoalescedSourceConfigs/ProxyLODPlugin.ini" 287
"C:/Users/Wess9/OneDrive/Documents/GitHub/JeuMultijoueur/Intermediate/Config/CoalescedSourceConfigs/MagicLeap.ini" 288
"C:/Users/Wess9/OneDrive/Documents/GitHub/JeuMultijoueur/Intermediate/Config/CoalescedSourceConfigs/MagicLeapEmulator.ini" 289
"C:/Users/Wess9/OneDrive/Documents/GitHub/JeuMultijoueur/Intermediate/Config/CoalescedSourceConfigs/MagicLeapMedia.ini" 290
"C:/Users/Wess9/OneDrive/Documents/GitHub/JeuMultijoueur/Intermediate/Config/CoalescedSourceConfigs/AndroidMedia.ini" 291
"C:/Users/Wess9/OneDrive/Documents/GitHub/JeuMultijoueur/Intermediate/Config/CoalescedSourceConfigs/AvfMedia.ini" 292
"C:/Users/Wess9/OneDrive/Documents/GitHub/JeuMultijoueur/Intermediate/Config/CoalescedSourceConfigs/ImgMedia.ini" 293
"C:/Users/Wess9/OneDrive/Documents/GitHub/JeuMultijoueur/Intermediate/Config/CoalescedSourceConfigs/LinearTimecode.ini" 294
"C:/Users/Wess9/OneDrive/Documents/GitHub/JeuMultijoueur/Intermediate/Config/CoalescedSourceConfigs/MediaCompositing.ini" 295
"C:/Users/Wess9/OneDrive/Documents/GitHub/JeuMultijoueur/Intermediate/Config/CoalescedSourceConfigs/MediaPlayerEditor.ini" 296
"C:/Users/Wess9/OneDrive/Documents/GitHub/JeuMultijoueur/Intermediate/Config/CoalescedSourceConfigs/WmfMedia.ini" 297
"C:/Users/Wess9/OneDrive/Documents/GitHub/JeuMultijoueur/Intermediate/Config/CoalescedSourceConfigs/TcpMessaging.ini" 298
"C:/Users/Wess9/OneDrive/Documents/GitHub/JeuMultijoueur/Intermediate/Config/CoalescedSourceConfigs/UdpMessaging.ini" 299
"C:/Users/Wess9/OneDrive/Documents/GitHub/JeuMultijoueur/Intermediate/Config/CoalescedSourceConfigs/ActorSequence.ini" 300
"C:/Users/Wess9/OneDrive/Documents/GitHub/JeuMultijoueur/Intermediate/Config/CoalescedSourceConfigs/LevelSequenceEditor.ini" 301
"C:/Users/Wess9/OneDrive/Documents/GitHub/JeuMultijoueur/Intermediate/Config/CoalescedSourceConfigs/MatineeToLevelSequence.ini" 302
"C:/Users/Wess9/OneDrive/Documents/GitHub/JeuMultijoueur/Intermediate/Config/CoalescedSourceConfigs/NetcodeUnitTest.ini" 303
"C:/Users/Wess9/OneDrive/Documents/GitHub/JeuMultijoueur/Intermediate/Config/CoalescedSourceConfigs/NUTUnrealEngine4.ini" 304
"C:/Users/Wess9/OneDrive/Documents/GitHub/JeuMultijoueur/Intermediate/Config/CoalescedSourceConfigs/OnlineSubsystemGooglePlay.ini" 305
"C:/Users/Wess9/OneDrive/Documents/GitHub/JeuMultijoueur/Intermediate/Config/CoalescedSourceConfigs/OnlineSubsystemIOS.ini" 306
"C:/Users/Wess9/OneDrive/Documents/GitHub/JeuMultijoueur/Intermediate/Config/CoalescedSourceConfigs/OnlineSubsystem.ini" 307
"C:/Users/Wess9/OneDrive/Documents/GitHub/JeuMultijoueur/Intermediate/Config/CoalescedSourceConfigs/OnlineSubsystemNull.ini" 308
"C:/Users/Wess9/OneDrive/Documents/GitHub/JeuMultijoueur/Intermediate/Config/CoalescedSourceConfigs/OnlineSubsystemUtils.ini" 309
"C:/Users/Wess9/OneDrive/Documents/GitHub/JeuMultijoueur/Intermediate/Config/CoalescedSourceConfigs/LauncherChunkInstaller.ini" 310
"C:/Users/Wess9/OneDrive/Documents/GitHub/JeuMultijoueur/Intermediate/Config/CoalescedSourceConfigs/AndroidDeviceProfileSelector.ini" 311
"C:/Users/Wess9/OneDrive/Documents/GitHub/JeuMultijoueur/Intermediate/Config/CoalescedSourceConfigs/AndroidMoviePlayer.ini" 312
"C:/Users/Wess9/OneDrive/Documents/GitHub/JeuMultijoueur/Intermediate/Config/CoalescedSourceConfigs/AndroidPermission.ini" 313
"C:/Users/Wess9/OneDrive/Documents/GitHub/JeuMultijoueur/Intermediate/Config/CoalescedSourceConfigs/AppleMoviePlayer.ini" 314
"C:/Users/Wess9/OneDrive/Documents/GitHub/JeuMultijoueur/Intermediate/Config/CoalescedSourceConfigs/ArchVisCharacter.ini" 315
"C:/Users/Wess9/OneDrive/Documents/GitHub/JeuMultijoueur/Intermediate/Config/CoalescedSourceConfigs/AudioCapture.ini" 316
"C:/Users/Wess9/OneDrive/Documents/GitHub/JeuMultijoueur/Intermediate/Config/CoalescedSourceConfigs/CableComponent.ini" 317
"C:/Users/Wess9/OneDrive/Documents/GitHub/JeuMultijoueur/Intermediate/Config/CoalescedSourceConfigs/CustomMeshComponent.ini" 318
"C:/Users/Wess9/OneDrive/Documents/GitHub/JeuMultijoueur/Intermediate/Config/CoalescedSourceConfigs/EditableMesh.ini" 319
"C:/Users/Wess9/OneDrive/Documents/GitHub/JeuMultijoueur/Intermediate/Config/CoalescedSourceConfigs/ExampleDeviceProfileSelector.ini" 320
"C:/Users/Wess9/OneDrive/Documents/GitHub/JeuMultijoueur/Intermediate/Config/CoalescedSourceConfigs/GoogleCloudMessaging.ini" 321
"C:/Users/Wess9/OneDrive/Documents/GitHub/JeuMultijoueur/Intermediate/Config/CoalescedSourceConfigs/ImmediatePhysics.ini" 322
"C:/Users/Wess9/OneDrive/Documents/GitHub/JeuMultijoueur/Intermediate/Config/CoalescedSourceConfigs/IOSDeviceProfileSelector.ini" 323
"C:/Users/Wess9/OneDrive/Documents/GitHub/JeuMultijoueur/Intermediate/Config/CoalescedSourceConfigs/LinuxDeviceProfileSelector.ini" 324
"C:/Users/Wess9/OneDrive/Documents/GitHub/JeuMultijoueur/Intermediate/Config/CoalescedSourceConfigs/LocationServicesBPLibrary.ini" 325
"C:/Users/Wess9/OneDrive/Documents/GitHub/JeuMultijoueur/Intermediate/Config/CoalescedSourceConfigs/MobilePatchingUtils.ini" 326
"../../../Engine/Plugins/Runtime/Oculus/OculusVR/Config/BaseOculusVR.ini" 327
"C:/Users/Wess9/OneDrive/Documents/GitHub/JeuMultijoueur/Saved/Config/Windows/OculusVR.ini" 328
"C:/Users/Wess9/OneDrive/Documents/GitHub/JeuMultijoueur/Intermediate/Config/CoalescedSourceConfigs/OculusVR.ini" 329
"../../../Engine/Plugins/Runtime/PhysXVehicles/Config/BasePhysXVehicles.ini" 330
"C:/Users/Wess9/OneDrive/Documents/GitHub/JeuMultijoueur/Saved/Config/Windows/PhysXVehicles.ini" 331
"C:/Users/Wess9/OneDrive/Documents/GitHub/JeuMultijoueur/Intermediate/Config/CoalescedSourceConfigs/PhysXVehicles.ini" 332
"C:/Users/Wess9/OneDrive/Documents/GitHub/JeuMultijoueur/Intermediate/Config/CoalescedSourceConfigs/ProceduralMeshComponent.ini" 333
"C:/Users/Wess9/OneDrive/Documents/GitHub/JeuMultijoueur/Intermediate/Config/CoalescedSourceConfigs/RuntimePhysXCooking.ini" 334
"C:/Users/Wess9/OneDrive/Documents/GitHub/JeuMultijoueur/Intermediate/Config/CoalescedSourceConfigs/SteamVR.ini" 335
"C:/Users/Wess9/OneDrive/Documents/GitHub/JeuMultijoueur/Intermediate/Config/CoalescedSourceConfigs/WindowsMoviePlayer.ini" 336
"../../../Engine/Plugins/2D/Paper2D/Binaries/Win64/UE4Editor.modules" 337
"../../../Engine/Plugins/AI/AISupport/Binaries/Win64/UE4Editor.modules" 338
"../../../Engine/Plugins/Blendables/LightPropagationVolume/Binaries/Win64/UE4Editor.modules" 339
"../../../Engine/Plugins/Developer/CLionSourceCodeAccess/Binaries/Win64/UE4Editor.modules" 340
"../../../Engine/Plugins/Developer/GitSourceControl/Binaries/Win64/UE4Editor.modules" 341
"../../../Engine/Plugins/Developer/PerforceSourceControl/Binaries/Win64/UE4Editor.modules" 342
"../../../Engine/Plugins/Developer/SubversionSourceControl/Binaries/Win64/UE4Editor.modules" 343
"../../../Engine/Plugins/Developer/UObjectPlugin/Binaries/Win64/UE4Editor.modules" 344
"../../../Engine/Plugins/Developer/VisualStudioCodeSourceCodeAccess/Binaries/Win64/UE4Editor.modules" 345
"../../../Engine/Plugins/Developer/VisualStudioSourceCodeAccess/Binaries/Win64/UE4Editor.modules" 346
"../../../Engine/Plugins/Editor/AssetManagerEditor/Binaries/Win64/UE4Editor.modules" 347
"../../../Engine/Plugins/Editor/CryptoKeys/Binaries/Win64/UE4Editor.modules" 348
"../../../Engine/Plugins/Editor/DataValidation/Binaries/Win64/UE4Editor.modules" 349
"../../../Engine/Plugins/Editor/FacialAnimation/Binaries/Win64/UE4Editor.modules" 350
"../../../Engine/Plugins/Editor/GameplayTagsEditor/Binaries/Win64/UE4Editor.modules" 351
"../../../Engine/Plugins/Editor/MeshEditor/Binaries/Win64/UE4Editor.modules" 352
"../../../Engine/Plugins/Runtime/EditableMesh/Binaries/Win64/UE4Editor.modules" 353
"../../../Engine/Plugins/Editor/MobileLauncherProfileWizard/Binaries/Win64/UE4Editor.modules" 354
"../../../Engine/Plugins/Editor/PluginBrowser/Binaries/Win64/UE4Editor.modules" 355
"../../../Engine/Plugins/Editor/SpeedTreeImporter/Binaries/Win64/UE4Editor.modules" 356
"../../../Engine/Plugins/Enterprise/DatasmithContent/Binaries/Win64/UE4Editor.modules" 357
"../../../Engine/Plugins/Experimental/AlembicImporter/Binaries/Win64/UE4Editor.modules" 358
"../../../Engine/Plugins/Experimental/GeometryCache/Binaries/Win64/UE4Editor.modules" 359
"../../../Engine/Plugins/Experimental/AppleImageUtils/Binaries/Win64/UE4Editor.modules" 360
"../../../Engine/Plugins/Experimental/AppleVision/Binaries/Win64/UE4Editor.modules" 361
"../../../Engine/Plugins/Experimental/BackChannel/Binaries/Win64/UE4Editor.modules" 362
"../../../Engine/Plugins/Experimental/CharacterAI/Binaries/Win64/UE4Editor.modules" 363
"../../../Engine/Plugins/Experimental/HTML5Networking/Binaries/Win64/UE4Editor.modules" 364
"../../../Engine/Plugins/Experimental/ProxyLODPlugin/Binaries/Win64/UE4Editor.modules" 365
"../../../Engine/Plugins/Lumin/MagicLeap/Binaries/Win64/UE4Editor.modules" 366
"../../../Engine/Plugins/Runtime/ProceduralMeshComponent/Binaries/Win64/UE4Editor.modules" 367
"../../../Engine/Plugins/Lumin/MagicLeapEmulator/Binaries/Win64/UE4Editor.modules" 368
"../../../Engine/Plugins/Lumin/MagicLeapMedia/Binaries/Win64/UE4Editor.modules" 369
"../../../Engine/Plugins/Media/AndroidMedia/Binaries/Win64/UE4Editor.modules" 370
"../../../Engine/Plugins/Media/AvfMedia/Binaries/Win64/UE4Editor.modules" 371
"../../../Engine/Plugins/Media/ImgMedia/Binaries/Win64/UE4Editor.modules" 372
"../../../Engine/Plugins/Media/LinearTimecode/Binaries/Win64/UE4Editor.modules" 373
"../../../Engine/Plugins/Media/MediaCompositing/Binaries/Win64/UE4Editor.modules" 374
"../../../Engine/Plugins/Media/MediaPlayerEditor/Binaries/Win64/UE4Editor.modules" 375
"../../../Engine/Plugins/Media/WmfMedia/Binaries/Win64/UE4Editor.modules" 376
"../../../Engine/Plugins/Messaging/TcpMessaging/Binaries/Win64/UE4Editor.modules" 377
"../../../Engine/Plugins/Messaging/UdpMessaging/Binaries/Win64/UE4Editor.modules" 378
"../../../Engine/Plugins/MovieScene/ActorSequence/Binaries/Win64/UE4Editor.modules" 379
"../../../Engine/Plugins/MovieScene/LevelSequenceEditor/Binaries/Win64/UE4Editor.modules" 380
"../../../Engine/Plugins/MovieScene/MatineeToLevelSequence/Binaries/Win64/UE4Editor.modules" 381
"../../../Engine/Plugins/NetcodeUnitTest/NetcodeUnitTest/Binaries/Win64/UE4Editor.modules" 382
"../../../Engine/Plugins/NetcodeUnitTest/NUTUnrealEngine4/Binaries/Win64/UE4Editor.modules" 383
"../../../Engine/Plugins/Online/OnlineSubsystem/Binaries/Win64/UE4Editor.modules" 384
"../../../Engine/Plugins/Runtime/AndroidPermission/Binaries/Win64/UE4Editor.modules" 385
"../../../Engine/Plugins/Online/OnlineSubsystemNull/Binaries/Win64/UE4Editor.modules" 386
"../../../Engine/Plugins/Online/OnlineSubsystemUtils/Binaries/Win64/UE4Editor.modules" 387
"../../../Engine/Plugins/Portal/LauncherChunkInstaller/Binaries/Win64/UE4Editor.modules" 388
"../../../Engine/Plugins/Runtime/AndroidDeviceProfileSelector/Binaries/Win64/UE4Editor.modules" 389
"../../../Engine/Plugins/Runtime/ArchVisCharacter/Binaries/Win64/UE4Editor.modules" 390
"../../../Engine/Plugins/Runtime/AudioCapture/Binaries/Win64/UE4Editor.modules" 391
"../../../Engine/Plugins/Runtime/CableComponent/Binaries/Win64/UE4Editor.modules" 392
"../../../Engine/Plugins/Runtime/CustomMeshComponent/Binaries/Win64/UE4Editor.modules" 393
"../../../Engine/Plugins/Runtime/ExampleDeviceProfileSelector/Binaries/Win64/UE4Editor.modules" 394
"../../../Engine/Plugins/Runtime/ImmediatePhysics/Binaries/Win64/UE4Editor.modules" 395
"../../../Engine/Plugins/Runtime/LocationServicesBPLibrary/Binaries/Win64/UE4Editor.modules" 396
"../../../Engine/Plugins/Runtime/MobilePatchingUtils/Binaries/Win64/UE4Editor.modules" 397
"../../../Engine/Plugins/Runtime/Oculus/OculusVR/Binaries/Win64/UE4Editor.modules" 398
"../../../Engine/Plugins/Runtime/PhysXVehicles/Binaries/Win64/UE4Editor.modules" 399
"../../../Engine/Plugins/Runtime/RuntimePhysXCooking/Binaries/Win64/UE4Editor.modules" 400
"../../../Engine/Plugins/Runtime/Steam/SteamVR/Binaries/Win64/UE4Editor.modules" 401
"../../../Engine/Plugins/Runtime/WindowsMoviePlayer/Binaries/Win64/UE4Editor.modules" 402
"../../../Engine/Content/Certificates/ThirdParty/cacert.pem" 403
"../../../Engine/Config/BaseDeviceProfiles.ini" 404
"C:/Users/Wess9/OneDrive/Documents/GitHub/JeuMultijoueur/Saved/Config/Windows/DeviceProfiles.ini" 405
"C:/Users/Wess9/OneDrive/Documents/GitHub/JeuMultijoueur/Intermediate/Config/CoalescedSourceConfigs/DeviceProfiles.ini" 406
"../../../Engine/Config/ConsoleVariables.ini" 407
"../../../Engine/Content/Localization/Engine/Engine.locmeta" 408
"../../../Engine/Content/Localization/Editor/Editor.locmeta" 409
"D:/Program Files/UE_4.20/Engine/Plugins/Online/Android/OnlineSubsystemGooglePlay/Content/Localization/OnlineSubsystemGooglePlay/fr/OnlineSubsystemGooglePlay.locres" 410
"D:/Program Files/UE_4.20/Engine/Plugins/Online/IOS/OnlineSubsystemIOS/Content/Localization/OnlineSubsystemIOS/fr/OnlineSubsystemIOS.locres" 411
"D:/Program Files/UE_4.20/Engine/Plugins/Online/OnlineSubsystem/Content/Localization/OnlineSubsystem/fr/OnlineSubsystem.locres" 412
"D:/Program Files/UE_4.20/Engine/Plugins/Online/OnlineSubsystemUtils/Content/Localization/OnlineSubsystemUtils/fr/OnlineSubsystemUtils.locres" 413
"..\..\..\Engine\Content\Internationalization\icudt53l\numberingSystems.res" 414
"..\..\..\Engine\Content\Internationalization\icudt53l\curr\supplementalData.res" 415
"..\..\..\Engine\Content\Internationalization\icudt53l\curr\pool.res" 416
"..\..\..\Engine\Content\Internationalization\icudt53l\curr\fr.res" 417
"..\..\..\Engine\Content\Internationalization\icudt53l\curr\root.res" 418
"..\..\..\Engine\Content\Internationalization\icudt53l\lang\af.res" 419
"..\..\..\Engine\Content\Internationalization\icudt53l\region\af.res" 420
"..\..\..\Engine\Content\Internationalization\icudt53l\lang\agq.res" 421
"..\..\..\Engine\Content\Internationalization\icudt53l\region\agq.res" 422
"..\..\..\Engine\Content\Internationalization\icudt53l\lang\ak.res" 423
"..\..\..\Engine\Content\Internationalization\icudt53l\region\ak.res" 424
"..\..\..\Engine\Content\Internationalization\icudt53l\lang\am.res" 425
"..\..\..\Engine\Content\Internationalization\icudt53l\region\am.res" 426
"..\..\..\Engine\Content\Internationalization\icudt53l\lang\ar.res" 427
"..\..\..\Engine\Content\Internationalization\icudt53l\region\ar.res" 428
"..\..\..\Engine\Content\Internationalization\icudt53l\lang\ar_EG.res" 429
"..\..\..\Engine\Content\Internationalization\icudt53l\lang\ar_LB.res" 430
"..\..\..\Engine\Content\Internationalization\icudt53l\lang\as.res" 431
"..\..\..\Engine\Content\Internationalization\icudt53l\region\as.res" 432
"..\..\..\Engine\Content\Internationalization\icudt53l\lang\asa.res" 433
"..\..\..\Engine\Content\Internationalization\icudt53l\region\asa.res" 434
"..\..\..\Engine\Content\Internationalization\icudt53l\lang\az.res" 435
"..\..\..\Engine\Content\Internationalization\icudt53l\lang\az_Cyrl.res" 436
"..\..\..\Engine\Content\Internationalization\icudt53l\lang\az_AZ.res" 437
"..\..\..\Engine\Content\Internationalization\icudt53l\lang\az_Latn_AZ.res" 438
"..\..\..\Engine\Content\Internationalization\icudt53l\lang\az_Latn.res" 439
"..\..\..\Engine\Content\Internationalization\icudt53l\region\az_AZ.res" 440
"..\..\..\Engine\Content\Internationalization\icudt53l\region\az_Latn_AZ.res" 441
"..\..\..\Engine\Content\Internationalization\icudt53l\region\az_Latn.res" 442
"..\..\..\Engine\Content\Internationalization\icudt53l\region\az.res" 443
"..\..\..\Engine\Content\Internationalization\icudt53l\region\az_Cyrl.res" 444
"..\..\..\Engine\Content\Internationalization\icudt53l\lang\bas.res" 445
"..\..\..\Engine\Content\Internationalization\icudt53l\region\bas.res" 446
"..\..\..\Engine\Content\Internationalization\icudt53l\lang\be.res" 447
"..\..\..\Engine\Content\Internationalization\icudt53l\region\be.res" 448
"..\..\..\Engine\Content\Internationalization\icudt53l\lang\bem.res" 449
"..\..\..\Engine\Content\Internationalization\icudt53l\region\bem.res" 450
"..\..\..\Engine\Content\Internationalization\icudt53l\lang\bez.res" 451
"..\..\..\Engine\Content\Internationalization\icudt53l\region\bez.res" 452
"..\..\..\Engine\Content\Internationalization\icudt53l\lang\bg.res" 453
"..\..\..\Engine\Content\Internationalization\icudt53l\region\bg.res" 454
"..\..\..\Engine\Content\Internationalization\icudt53l\lang\bm.res" 455
"..\..\..\Engine\Content\Internationalization\icudt53l\region\bm.res" 456
"..\..\..\Engine\Content\Internationalization\icudt53l\lang\bn.res" 457
"..\..\..\Engine\Content\Internationalization\icudt53l\region\bn.res" 458
"..\..\..\Engine\Content\Internationalization\icudt53l\lang\bn_IN.res" 459
"..\..\..\Engine\Content\Internationalization\icudt53l\region\bn_IN.res" 460
"..\..\..\Engine\Content\Internationalization\icudt53l\lang\bo.res" 461
"..\..\..\Engine\Content\Internationalization\icudt53l\region\bo.res" 462
"..\..\..\Engine\Content\Internationalization\icudt53l\region\bo_IN.res" 463
"..\..\..\Engine\Content\Internationalization\icudt53l\lang\br.res" 464
"..\..\..\Engine\Content\Internationalization\icudt53l\region\br.res" 465
"..\..\..\Engine\Content\Internationalization\icudt53l\lang\brx.res" 466
"..\..\..\Engine\Content\Internationalization\icudt53l\region\brx.res" 467
"..\..\..\Engine\Content\Internationalization\icudt53l\lang\bs.res" 468
"..\..\..\Engine\Content\Internationalization\icudt53l\lang\bs_Cyrl.res" 469
"..\..\..\Engine\Content\Internationalization\icudt53l\lang\bs_BA.res" 470
"..\..\..\Engine\Content\Internationalization\icudt53l\lang\bs_Latn_BA.res" 471
"..\..\..\Engine\Content\Internationalization\icudt53l\lang\bs_Latn.res" 472
"..\..\..\Engine\Content\Internationalization\icudt53l\region\bs_BA.res" 473
"..\..\..\Engine\Content\Internationalization\icudt53l\region\bs_Latn_BA.res" 474
"..\..\..\Engine\Content\Internationalization\icudt53l\region\bs_Latn.res" 475
"..\..\..\Engine\Content\Internationalization\icudt53l\region\bs.res" 476
"..\..\..\Engine\Content\Internationalization\icudt53l\region\bs_Cyrl.res" 477
"..\..\..\Engine\Content\Internationalization\icudt53l\lang\ca.res" 478
"..\..\..\Engine\Content\Internationalization\icudt53l\region\ca.res" 479
"..\..\..\Engine\Content\Internationalization\icudt53l\lang\cgg.res" 480
"..\..\..\Engine\Content\Internationalization\icudt53l\region\cgg.res" 481
"..\..\..\Engine\Content\Internationalization\icudt53l\lang\chr.res" 482
"..\..\..\Engine\Content\Internationalization\icudt53l\region\chr.res" 483
"..\..\..\Engine\Content\Internationalization\icudt53l\lang\cs.res" 484
"..\..\..\Engine\Content\Internationalization\icudt53l\region\cs.res" 485
"..\..\..\Engine\Content\Internationalization\icudt53l\lang\cy.res" 486
"..\..\..\Engine\Content\Internationalization\icudt53l\region\cy.res" 487
"..\..\..\Engine\Content\Internationalization\icudt53l\lang\da.res" 488
"..\..\..\Engine\Content\Internationalization\icudt53l\region\da.res" 489
"..\..\..\Engine\Content\Internationalization\icudt53l\lang\dav.res" 490
"..\..\..\Engine\Content\Internationalization\icudt53l\region\dav.res" 491
"..\..\..\Engine\Content\Internationalization\icudt53l\lang\de.res" 492
"..\..\..\Engine\Content\Internationalization\icudt53l\region\de.res" 493
"..\..\..\Engine\Content\Internationalization\icudt53l\lang\de_CH.res" 494
"..\..\..\Engine\Content\Internationalization\icudt53l\region\de_CH.res" 495
"..\..\..\Engine\Content\Internationalization\icudt53l\lang\dje.res" 496
"..\..\..\Engine\Content\Internationalization\icudt53l\region\dje.res" 497
"..\..\..\Engine\Content\Internationalization\icudt53l\lang\dua.res" 498
"..\..\..\Engine\Content\Internationalization\icudt53l\region\dua.res" 499
"..\..\..\Engine\Content\Internationalization\icudt53l\lang\dyo.res" 500
"..\..\..\Engine\Content\Internationalization\icudt53l\region\dyo.res" 501
"..\..\..\Engine\Content\Internationalization\icudt53l\lang\dz.res" 502
"..\..\..\Engine\Content\Internationalization\icudt53l\region\dz.res" 503
"..\..\..\Engine\Content\Internationalization\icudt53l\lang\ebu.res" 504
"..\..\..\Engine\Content\Internationalization\icudt53l\region\ebu.res" 505
"..\..\..\Engine\Content\Internationalization\icudt53l\lang\ee.res" 506
"..\..\..\Engine\Content\Internationalization\icudt53l\region\ee.res" 507
"..\..\..\Engine\Content\Internationalization\icudt53l\lang\el.res" 508
"..\..\..\Engine\Content\Internationalization\icudt53l\region\el.res" 509
"..\..\..\Engine\Content\Internationalization\icudt53l\lang\en_150.res" 510
"..\..\..\Engine\Content\Internationalization\icudt53l\lang\en_GB.res" 511
"..\..\..\Engine\Content\Internationalization\icudt53l\region\en_150.res" 512
"..\..\..\Engine\Content\Internationalization\icudt53l\region\en_GB.res" 513
"..\..\..\Engine\Content\Internationalization\icudt53l\lang\en_AG.res" 514
"..\..\..\Engine\Content\Internationalization\icudt53l\region\en_AG.res" 515
"..\..\..\Engine\Content\Internationalization\icudt53l\lang\en_AI.res" 516
"..\..\..\Engine\Content\Internationalization\icudt53l\region\en_AI.res" 517
"..\..\..\Engine\Content\Internationalization\icudt53l\lang\en_AU.res" 518
"..\..\..\Engine\Content\Internationalization\icudt53l\region\en_AU.res" 519
"..\..\..\Engine\Content\Internationalization\icudt53l\lang\en_BB.res" 520
"..\..\..\Engine\Content\Internationalization\icudt53l\region\en_BB.res" 521
"..\..\..\Engine\Content\Internationalization\icudt53l\lang\en_BE.res" 522
"..\..\..\Engine\Content\Internationalization\icudt53l\region\en_BE.res" 523
"..\..\..\Engine\Content\Internationalization\icudt53l\lang\en_BM.res" 524
"..\..\..\Engine\Content\Internationalization\icudt53l\region\en_BM.res" 525
"..\..\..\Engine\Content\Internationalization\icudt53l\lang\en_BS.res" 526
"..\..\..\Engine\Content\Internationalization\icudt53l\region\en_BS.res" 527
"..\..\..\Engine\Content\Internationalization\icudt53l\lang\en_BW.res" 528
"..\..\..\Engine\Content\Internationalization\icudt53l\region\en_BW.res" 529
"..\..\..\Engine\Content\Internationalization\icudt53l\lang\en_BZ.res" 530
"..\..\..\Engine\Content\Internationalization\icudt53l\region\en_BZ.res" 531
"..\..\..\Engine\Content\Internationalization\icudt53l\lang\en_CC.res" 532
"..\..\..\Engine\Content\Internationalization\icudt53l\region\en_CC.res" 533
"..\..\..\Engine\Content\Internationalization\icudt53l\lang\en_CK.res" 534
"..\..\..\Engine\Content\Internationalization\icudt53l\region\en_CK.res" 535
"..\..\..\Engine\Content\Internationalization\icudt53l\lang\en_CM.res" 536
"..\..\..\Engine\Content\Internationalization\icudt53l\region\en_CM.res" 537
"..\..\..\Engine\Content\Internationalization\icudt53l\lang\en_CX.res" 538
"..\..\..\Engine\Content\Internationalization\icudt53l\region\en_CX.res" 539
"..\..\..\Engine\Content\Internationalization\icudt53l\lang\en_DG.res" 540
"..\..\..\Engine\Content\Internationalization\icudt53l\region\en_DG.res" 541
"..\..\..\Engine\Content\Internationalization\icudt53l\lang\en_DM.res" 542
"..\..\..\Engine\Content\Internationalization\icudt53l\region\en_DM.res" 543
"..\..\..\Engine\Content\Internationalization\icudt53l\lang\en_ER.res" 544
"..\..\..\Engine\Content\Internationalization\icudt53l\region\en_ER.res" 545
"..\..\..\Engine\Content\Internationalization\icudt53l\lang\en_FJ.res" 546
"..\..\..\Engine\Content\Internationalization\icudt53l\region\en_FJ.res" 547
"..\..\..\Engine\Content\Internationalization\icudt53l\lang\en_FK.res" 548
"..\..\..\Engine\Content\Internationalization\icudt53l\region\en_FK.res" 549
"..\..\..\Engine\Content\Internationalization\icudt53l\lang\en_FM.res" 550
"..\..\..\Engine\Content\Internationalization\icudt53l\region\en_FM.res" 551
"..\..\..\Engine\Content\Internationalization\icudt53l\lang\en_GD.res" 552
"..\..\..\Engine\Content\Internationalization\icudt53l\region\en_GD.res" 553
"..\..\..\Engine\Content\Internationalization\icudt53l\lang\en_GG.res" 554
"..\..\..\Engine\Content\Internationalization\icudt53l\region\en_GG.res" 555
"..\..\..\Engine\Content\Internationalization\icudt53l\lang\en_GH.res" 556
"..\..\..\Engine\Content\Internationalization\icudt53l\region\en_GH.res" 557
"..\..\..\Engine\Content\Internationalization\icudt53l\lang\en_GI.res" 558
"..\..\..\Engine\Content\Internationalization\icudt53l\region\en_GI.res" 559
"..\..\..\Engine\Content\Internationalization\icudt53l\lang\en_GM.res" 560
"..\..\..\Engine\Content\Internationalization\icudt53l\region\en_GM.res" 561
"..\..\..\Engine\Content\Internationalization\icudt53l\lang\en_GY.res" 562
"..\..\..\Engine\Content\Internationalization\icudt53l\region\en_GY.res" 563
"..\..\..\Engine\Content\Internationalization\icudt53l\lang\en_HK.res" 564
"..\..\..\Engine\Content\Internationalization\icudt53l\region\en_HK.res" 565
"..\..\..\Engine\Content\Internationalization\icudt53l\lang\en_IE.res" 566
"..\..\..\Engine\Content\Internationalization\icudt53l\region\en_IE.res" 567
"..\..\..\Engine\Content\Internationalization\icudt53l\lang\en_IM.res" 568
"..\..\..\Engine\Content\Internationalization\icudt53l\region\en_IM.res" 569
"..\..\..\Engine\Content\Internationalization\icudt53l\lang\en_IN.res" 570
"..\..\..\Engine\Content\Internationalization\icudt53l\region\en_IN.res" 571
"..\..\..\Engine\Content\Internationalization\icudt53l\lang\en_IO.res" 572
"..\..\..\Engine\Content\Internationalization\icudt53l\region\en_IO.res" 573
"..\..\..\Engine\Content\Internationalization\icudt53l\lang\en_JE.res" 574
"..\..\..\Engine\Content\Internationalization\icudt53l\region\en_JE.res" 575
"..\..\..\Engine\Content\Internationalization\icudt53l\lang\en_JM.res" 576
"..\..\..\Engine\Content\Internationalization\icudt53l\region\en_JM.res" 577
"..\..\..\Engine\Content\Internationalization\icudt53l\lang\en_KE.res" 578
"..\..\..\Engine\Content\Internationalization\icudt53l\region\en_KE.res" 579
"..\..\..\Engine\Content\Internationalization\icudt53l\lang\en_KI.res" 580
"..\..\..\Engine\Content\Internationalization\icudt53l\region\en_KI.res" 581
"..\..\..\Engine\Content\Internationalization\icudt53l\lang\en_KN.res" 582
"..\..\..\Engine\Content\Internationalization\icudt53l\region\en_KN.res" 583
"..\..\..\Engine\Content\Internationalization\icudt53l\lang\en_KY.res" 584
"..\..\..\Engine\Content\Internationalization\icudt53l\region\en_KY.res" 585
"..\..\..\Engine\Content\Internationalization\icudt53l\lang\en_LC.res" 586
"..\..\..\Engine\Content\Internationalization\icudt53l\region\en_LC.res" 587
"..\..\..\Engine\Content\Internationalization\icudt53l\lang\en_LR.res" 588
"..\..\..\Engine\Content\Internationalization\icudt53l\region\en_LR.res" 589
"..\..\..\Engine\Content\Internationalization\icudt53l\lang\en_LS.res" 590
"..\..\..\Engine\Content\Internationalization\icudt53l\region\en_LS.res" 591
"..\..\..\Engine\Content\Internationalization\icudt53l\lang\en_MG.res" 592
"..\..\..\Engine\Content\Internationalization\icudt53l\region\en_MG.res" 593
"..\..\..\Engine\Content\Internationalization\icudt53l\lang\en_MO.res" 594
"..\..\..\Engine\Content\Internationalization\icudt53l\region\en_MO.res" 595
"..\..\..\Engine\Content\Internationalization\icudt53l\lang\en_MS.res" 596
"..\..\..\Engine\Content\Internationalization\icudt53l\region\en_MS.res" 597
"..\..\..\Engine\Content\Internationalization\icudt53l\lang\en_MT.res" 598
"..\..\..\Engine\Content\Internationalization\icudt53l\region\en_MT.res" 599
"..\..\..\Engine\Content\Internationalization\icudt53l\lang\en_MU.res" 600
"..\..\..\Engine\Content\Internationalization\icudt53l\region\en_MU.res" 601
"..\..\..\Engine\Content\Internationalization\icudt53l\lang\en_MW.res" 602
"..\..\..\Engine\Content\Internationalization\icudt53l\region\en_MW.res" 603
"..\..\..\Engine\Content\Internationalization\icudt53l\lang\en_NA.res" 604
"..\..\..\Engine\Content\Internationalization\icudt53l\region\en_NA.res" 605
"..\..\..\Engine\Content\Internationalization\icudt53l\lang\en_NF.res" 606
"..\..\..\Engine\Content\Internationalization\icudt53l\region\en_NF.res" 607
"..\..\..\Engine\Content\Internationalization\icudt53l\lang\en_NG.res" 608
"..\..\..\Engine\Content\Internationalization\icudt53l\region\en_NG.res" 609
"..\..\..\Engine\Content\Internationalization\icudt53l\lang\en_NR.res" 610
"..\..\..\Engine\Content\Internationalization\icudt53l\region\en_NR.res" 611
"..\..\..\Engine\Content\Internationalization\icudt53l\lang\en_NU.res" 612
"..\..\..\Engine\Content\Internationalization\icudt53l\region\en_NU.res" 613
"..\..\..\Engine\Content\Internationalization\icudt53l\lang\en_NZ.res" 614
"..\..\..\Engine\Content\Internationalization\icudt53l\region\en_NZ.res" 615
"..\..\..\Engine\Content\Internationalization\icudt53l\lang\en_PG.res" 616
"..\..\..\Engine\Content\Internationalization\icudt53l\region\en_PG.res" 617
"..\..\..\Engine\Content\Internationalization\icudt53l\lang\en_PH.res" 618
"..\..\..\Engine\Content\Internationalization\icudt53l\region\en_PH.res" 619
"..\..\..\Engine\Content\Internationalization\icudt53l\lang\en_PK.res" 620
"..\..\..\Engine\Content\Internationalization\icudt53l\region\en_PK.res" 621
"..\..\..\Engine\Content\Internationalization\icudt53l\lang\en_PN.res" 622
"..\..\..\Engine\Content\Internationalization\icudt53l\region\en_PN.res" 623
"..\..\..\Engine\Content\Internationalization\icudt53l\lang\en_PW.res" 624
"..\..\..\Engine\Content\Internationalization\icudt53l\region\en_PW.res" 625
"..\..\..\Engine\Content\Internationalization\icudt53l\lang\en_RW.res" 626
"..\..\..\Engine\Content\Internationalization\icudt53l\region\en_RW.res" 627
"..\..\..\Engine\Content\Internationalization\icudt53l\lang\en_SB.res" 628
"..\..\..\Engine\Content\Internationalization\icudt53l\region\en_SB.res" 629
"..\..\..\Engine\Content\Internationalization\icudt53l\lang\en_SC.res" 630
"..\..\..\Engine\Content\Internationalization\icudt53l\region\en_SC.res" 631
"..\..\..\Engine\Content\Internationalization\icudt53l\lang\en_SD.res" 632
"..\..\..\Engine\Content\Internationalization\icudt53l\region\en_SD.res" 633
"..\..\..\Engine\Content\Internationalization\icudt53l\lang\en_SG.res" 634
"..\..\..\Engine\Content\Internationalization\icudt53l\region\en_SG.res" 635
"..\..\..\Engine\Content\Internationalization\icudt53l\lang\en_SH.res" 636
"..\..\..\Engine\Content\Internationalization\icudt53l\region\en_SH.res" 637
"..\..\..\Engine\Content\Internationalization\icudt53l\lang\en_SL.res" 638
"..\..\..\Engine\Content\Internationalization\icudt53l\region\en_SL.res" 639
"..\..\..\Engine\Content\Internationalization\icudt53l\lang\en_SS.res" 640
"..\..\..\Engine\Content\Internationalization\icudt53l\region\en_SS.res" 641
"..\..\..\Engine\Content\Internationalization\icudt53l\lang\en_SX.res" 642
"..\..\..\Engine\Content\Internationalization\icudt53l\region\en_SX.res" 643
"..\..\..\Engine\Content\Internationalization\icudt53l\lang\en_SZ.res" 644
"..\..\..\Engine\Content\Internationalization\icudt53l\region\en_SZ.res" 645
"..\..\..\Engine\Content\Internationalization\icudt53l\lang\en_TC.res" 646
"..\..\..\Engine\Content\Internationalization\icudt53l\region\en_TC.res" 647
"..\..\..\Engine\Content\Internationalization\icudt53l\lang\en_TK.res" 648
"..\..\..\Engine\Content\Internationalization\icudt53l\region\en_TK.res" 649
"..\..\..\Engine\Content\Internationalization\icudt53l\lang\en_TO.res" 650
"..\..\..\Engine\Content\Internationalization\icudt53l\region\en_TO.res" 651
"..\..\..\Engine\Content\Internationalization\icudt53l\lang\en_TT.res" 652
"..\..\..\Engine\Content\Internationalization\icudt53l\region\en_TT.res" 653
"..\..\..\Engine\Content\Internationalization\icudt53l\lang\en_TV.res" 654
"..\..\..\Engine\Content\Internationalization\icudt53l\region\en_TV.res" 655
"..\..\..\Engine\Content\Internationalization\icudt53l\lang\en_TZ.res" 656
"..\..\..\Engine\Content\Internationalization\icudt53l\region\en_TZ.res" 657
"..\..\..\Engine\Content\Internationalization\icudt53l\lang\en_UG.res" 658
"..\..\..\Engine\Content\Internationalization\icudt53l\region\en_UG.res" 659
"..\..\..\Engine\Content\Internationalization\icudt53l\lang\en_VC.res" 660
"..\..\..\Engine\Content\Internationalization\icudt53l\region\en_VC.res" 661
"..\..\..\Engine\Content\Internationalization\icudt53l\lang\en_VG.res" 662
"..\..\..\Engine\Content\Internationalization\icudt53l\region\en_VG.res" 663
"..\..\..\Engine\Content\Internationalization\icudt53l\lang\en_VU.res" 664
"..\..\..\Engine\Content\Internationalization\icudt53l\region\en_VU.res" 665
"..\..\..\Engine\Content\Internationalization\icudt53l\lang\en_WS.res" 666
"..\..\..\Engine\Content\Internationalization\icudt53l\region\en_WS.res" 667
"..\..\..\Engine\Content\Internationalization\icudt53l\lang\en_ZA.res" 668
"..\..\..\Engine\Content\Internationalization\icudt53l\region\en_ZA.res" 669
"..\..\..\Engine\Content\Internationalization\icudt53l\lang\en_ZM.res" 670
"..\..\..\Engine\Content\Internationalization\icudt53l\region\en_ZM.res" 671
"..\..\..\Engine\Content\Internationalization\icudt53l\lang\en_ZW.res" 672
"..\..\..\Engine\Content\Internationalization\icudt53l\region\en_ZW.res" 673
"..\..\..\Engine\Content\Internationalization\icudt53l\lang\eo.res" 674
"..\..\..\Engine\Content\Internationalization\icudt53l\lang\es.res" 675
"..\..\..\Engine\Content\Internationalization\icudt53l\lang\es_419.res" 676
"..\..\..\Engine\Content\Internationalization\icudt53l\region\es.res" 677
"..\..\..\Engine\Content\Internationalization\icudt53l\lang\es_AR.res" 678
"..\..\..\Engine\Content\Internationalization\icudt53l\region\es_AR.res" 679
"..\..\..\Engine\Content\Internationalization\icudt53l\lang\es_BO.res" 680
"..\..\..\Engine\Content\Internationalization\icudt53l\region\es_BO.res" 681
"..\..\..\Engine\Content\Internationalization\icudt53l\lang\es_CL.res" 682
"..\..\..\Engine\Content\Internationalization\icudt53l\region\es_CL.res" 683
"..\..\..\Engine\Content\Internationalization\icudt53l\lang\es_CO.res" 684
"..\..\..\Engine\Content\Internationalization\icudt53l\region\es_CO.res" 685
"..\..\..\Engine\Content\Internationalization\icudt53l\lang\es_CR.res" 686
"..\..\..\Engine\Content\Internationalization\icudt53l\region\es_CR.res" 687
"..\..\..\Engine\Content\Internationalization\icudt53l\lang\es_CU.res" 688
"..\..\..\Engine\Content\Internationalization\icudt53l\region\es_CU.res" 689
"..\..\..\Engine\Content\Internationalization\icudt53l\lang\es_DO.res" 690
"..\..\..\Engine\Content\Internationalization\icudt53l\region\es_DO.res" 691
"..\..\..\Engine\Content\Internationalization\icudt53l\lang\es_EC.res" 692
"..\..\..\Engine\Content\Internationalization\icudt53l\region\es_EC.res" 693
"..\..\..\Engine\Content\Internationalization\icudt53l\lang\es_GT.res" 694
"..\..\..\Engine\Content\Internationalization\icudt53l\region\es_GT.res" 695
"..\..\..\Engine\Content\Internationalization\icudt53l\lang\es_HN.res" 696
"..\..\..\Engine\Content\Internationalization\icudt53l\region\es_HN.res" 697
"..\..\..\Engine\Content\Internationalization\icudt53l\lang\es_MX.res" 698
"..\..\..\Engine\Content\Internationalization\icudt53l\region\es_MX.res" 699
"..\..\..\Engine\Content\Internationalization\icudt53l\lang\es_NI.res" 700
"..\..\..\Engine\Content\Internationalization\icudt53l\region\es_NI.res" 701
"..\..\..\Engine\Content\Internationalization\icudt53l\lang\es_PA.res" 702
"..\..\..\Engine\Content\Internationalization\icudt53l\region\es_PA.res" 703
"..\..\..\Engine\Content\Internationalization\icudt53l\lang\es_PE.res" 704
"..\..\..\Engine\Content\Internationalization\icudt53l\region\es_PE.res" 705
"..\..\..\Engine\Content\Internationalization\icudt53l\lang\es_PR.res" 706
"..\..\..\Engine\Content\Internationalization\icudt53l\region\es_PR.res" 707
"..\..\..\Engine\Content\Internationalization\icudt53l\lang\es_PY.res" 708
"..\..\..\Engine\Content\Internationalization\icudt53l\region\es_PY.res" 709
"..\..\..\Engine\Content\Internationalization\icudt53l\lang\es_SV.res" 710
"..\..\..\Engine\Content\Internationalization\icudt53l\region\es_SV.res" 711
"..\..\..\Engine\Content\Internationalization\icudt53l\lang\es_US.res" 712
"..\..\..\Engine\Content\Internationalization\icudt53l\region\es_US.res" 713
"..\..\..\Engine\Content\Internationalization\icudt53l\lang\es_UY.res" 714
"..\..\..\Engine\Content\Internationalization\icudt53l\region\es_UY.res" 715
"..\..\..\Engine\Content\Internationalization\icudt53l\lang\es_VE.res" 716
"..\..\..\Engine\Content\Internationalization\icudt53l\region\es_VE.res" 717
"..\..\..\Engine\Content\Internationalization\icudt53l\lang\et.res" 718
"..\..\..\Engine\Content\Internationalization\icudt53l\region\et.res" 719
"..\..\..\Engine\Content\Internationalization\icudt53l\lang\eu.res" 720
"..\..\..\Engine\Content\Internationalization\icudt53l\region\eu.res" 721
"..\..\..\Engine\Content\Internationalization\icudt53l\lang\ewo.res" 722
"..\..\..\Engine\Content\Internationalization\icudt53l\region\ewo.res" 723
"..\..\..\Engine\Content\Internationalization\icudt53l\lang\fa.res" 724
"..\..\..\Engine\Content\Internationalization\icudt53l\lang\fa_AF.res" 725
"..\..\..\Engine\Content\Internationalization\icudt53l\region\fa_AF.res" 726
"..\..\..\Engine\Content\Internationalization\icudt53l\region\fa.res" 727
"..\..\..\Engine\Content\Internationalization\icudt53l\lang\ff.res" 728
"..\..\..\Engine\Content\Internationalization\icudt53l\region\ff.res" 729
"..\..\..\Engine\Content\Internationalization\icudt53l\lang\fi.res" 730
"..\..\..\Engine\Content\Internationalization\icudt53l\region\fi.res" 731
"..\..\..\Engine\Content\Internationalization\icudt53l\lang\fil.res" 732
"..\..\..\Engine\Content\Internationalization\icudt53l\lang\fil_PH.res" 733
"..\..\..\Engine\Content\Internationalization\icudt53l\region\fil_PH.res" 734
"..\..\..\Engine\Content\Internationalization\icudt53l\region\fil.res" 735
"..\..\..\Engine\Content\Internationalization\icudt53l\lang\fo.res" 736
"..\..\..\Engine\Content\Internationalization\icudt53l\region\fo.res" 737
"..\..\..\Engine\Content\Internationalization\icudt53l\lang\fr_CA.res" 738
"..\..\..\Engine\Content\Internationalization\icudt53l\region\fr_CA.res" 739
"..\..\..\Engine\Content\Internationalization\icudt53l\lang\ga.res" 740
"..\..\..\Engine\Content\Internationalization\icudt53l\region\ga.res" 741
"..\..\..\Engine\Content\Internationalization\icudt53l\lang\gl.res" 742
"..\..\..\Engine\Content\Internationalization\icudt53l\region\gl.res" 743
"..\..\..\Engine\Content\Internationalization\icudt53l\lang\gsw.res" 744
"..\..\..\Engine\Content\Internationalization\icudt53l\region\gsw.res" 745
"..\..\..\Engine\Content\Internationalization\icudt53l\lang\gu.res" 746
"..\..\..\Engine\Content\Internationalization\icudt53l\region\gu.res" 747
"..\..\..\Engine\Content\Internationalization\icudt53l\lang\guz.res" 748
"..\..\..\Engine\Content\Internationalization\icudt53l\region\guz.res" 749
"..\..\..\Engine\Content\Internationalization\icudt53l\lang\gv.res" 750
"..\..\..\Engine\Content\Internationalization\icudt53l\region\gv.res" 751
"..\..\..\Engine\Content\Internationalization\icudt53l\lang\ha.res" 752
"..\..\..\Engine\Content\Internationalization\icudt53l\lang\ha_Latn.res" 753
"..\..\..\Engine\Content\Internationalization\icudt53l\lang\ha_GH.res" 754
"..\..\..\Engine\Content\Internationalization\icudt53l\lang\ha_Latn_GH.res" 755
"..\..\..\Engine\Content\Internationalization\icudt53l\region\ha_GH.res" 756
"..\..\..\Engine\Content\Internationalization\icudt53l\region\ha_Latn_GH.res" 757
"..\..\..\Engine\Content\Internationalization\icudt53l\region\ha_Latn.res" 758
"..\..\..\Engine\Content\Internationalization\icudt53l\region\ha.res" 759
"..\..\..\Engine\Content\Internationalization\icudt53l\lang\ha_NE.res" 760
"..\..\..\Engine\Content\Internationalization\icudt53l\lang\ha_Latn_NE.res" 761
"..\..\..\Engine\Content\Internationalization\icudt53l\region\ha_NE.res" 762
"..\..\..\Engine\Content\Internationalization\icudt53l\region\ha_Latn_NE.res" 763
"..\..\..\Engine\Content\Internationalization\icudt53l\lang\ha_NG.res" 764
"..\..\..\Engine\Content\Internationalization\icudt53l\lang\ha_Latn_NG.res" 765
"..\..\..\Engine\Content\Internationalization\icudt53l\region\ha_NG.res" 766
"..\..\..\Engine\Content\Internationalization\icudt53l\region\ha_Latn_NG.res" 767
"..\..\..\Engine\Content\Internationalization\icudt53l\lang\haw.res" 768
"..\..\..\Engine\Content\Internationalization\icudt53l\region\haw.res" 769
"..\..\..\Engine\Content\Internationalization\icudt53l\lang\he.res" 770
"..\..\..\Engine\Content\Internationalization\icudt53l\lang\he_IL.res" 771
"..\..\..\Engine\Content\Internationalization\icudt53l\region\he_IL.res" 772
"..\..\..\Engine\Content\Internationalization\icudt53l\region\he.res" 773
"..\..\..\Engine\Content\Internationalization\icudt53l\lang\hi.res" 774
"..\..\..\Engine\Content\Internationalization\icudt53l\region\hi.res" 775
"..\..\..\Engine\Content\Internationalization\icudt53l\lang\hr.res" 776
"..\..\..\Engine\Content\Internationalization\icudt53l\region\hr.res" 777
"..\..\..\Engine\Content\Internationalization\icudt53l\lang\hu.res" 778
"..\..\..\Engine\Content\Internationalization\icudt53l\region\hu.res" 779
"..\..\..\Engine\Content\Internationalization\icudt53l\lang\hy.res" 780
"..\..\..\Engine\Content\Internationalization\icudt53l\region\hy.res" 781
"..\..\..\Engine\Content\Internationalization\icudt53l\lang\id.res" 782
"..\..\..\Engine\Content\Internationalization\icudt53l\lang\id_ID.res" 783
"..\..\..\Engine\Content\Internationalization\icudt53l\region\id_ID.res" 784
"..\..\..\Engine\Content\Internationalization\icudt53l\region\id.res" 785
"..\..\..\Engine\Content\Internationalization\icudt53l\lang\ig.res" 786
"..\..\..\Engine\Content\Internationalization\icudt53l\region\ig.res" 787
"..\..\..\Engine\Content\Internationalization\icudt53l\lang\ii.res" 788
"..\..\..\Engine\Content\Internationalization\icudt53l\region\ii.res" 789
"..\..\..\Engine\Content\Internationalization\icudt53l\lang\is.res" 790
"..\..\..\Engine\Content\Internationalization\icudt53l\region\is.res" 791
"..\..\..\Engine\Content\Internationalization\icudt53l\lang\it.res" 792
"..\..\..\Engine\Content\Internationalization\icudt53l\region\it.res" 793
"..\..\..\Engine\Content\Internationalization\icudt53l\lang\ja.res" 794
"..\..\..\Engine\Content\Internationalization\icudt53l\lang\ja_JP.res" 795
"..\..\..\Engine\Content\Internationalization\icudt53l\region\ja_JP.res" 796
"..\..\..\Engine\Content\Internationalization\icudt53l\region\ja.res" 797
"..\..\..\Engine\Content\Internationalization\icudt53l\lang\jgo.res" 798
"..\..\..\Engine\Content\Internationalization\icudt53l\region\jgo.res" 799
"..\..\..\Engine\Content\Internationalization\icudt53l\lang\jmc.res" 800
"..\..\..\Engine\Content\Internationalization\icudt53l\region\jmc.res" 801
"..\..\..\Engine\Content\Internationalization\icudt53l\lang\ka.res" 802
"..\..\..\Engine\Content\Internationalization\icudt53l\region\ka.res" 803
"..\..\..\Engine\Content\Internationalization\icudt53l\lang\kab.res" 804
"..\..\..\Engine\Content\Internationalization\icudt53l\region\kab.res" 805
"..\..\..\Engine\Content\Internationalization\icudt53l\lang\kam.res" 806
"..\..\..\Engine\Content\Internationalization\icudt53l\region\kam.res" 807
"..\..\..\Engine\Content\Internationalization\icudt53l\lang\kde.res" 808
"..\..\..\Engine\Content\Internationalization\icudt53l\region\kde.res" 809
"..\..\..\Engine\Content\Internationalization\icudt53l\lang\kea.res" 810
"..\..\..\Engine\Content\Internationalization\icudt53l\region\kea.res" 811
"..\..\..\Engine\Content\Internationalization\icudt53l\lang\khq.res" 812
"..\..\..\Engine\Content\Internationalization\icudt53l\region\khq.res" 813
"..\..\..\Engine\Content\Internationalization\icudt53l\lang\ki.res" 814
"..\..\..\Engine\Content\Internationalization\icudt53l\region\ki.res" 815
"..\..\..\Engine\Content\Internationalization\icudt53l\lang\kk.res" 816
"..\..\..\Engine\Content\Internationalization\icudt53l\lang\kk_Cyrl.res" 817
"..\..\..\Engine\Content\Internationalization\icudt53l\lang\kk_KZ.res" 818
"..\..\..\Engine\Content\Internationalization\icudt53l\lang\kk_Cyrl_KZ.res" 819
"..\..\..\Engine\Content\Internationalization\icudt53l\region\kk_KZ.res" 820
"..\..\..\Engine\Content\Internationalization\icudt53l\region\kk_Cyrl_KZ.res" 821
"..\..\..\Engine\Content\Internationalization\icudt53l\region\kk_Cyrl.res" 822
"..\..\..\Engine\Content\Internationalization\icudt53l\region\kk.res" 823
"..\..\..\Engine\Content\Internationalization\icudt53l\lang\kkj.res" 824
"..\..\..\Engine\Content\Internationalization\icudt53l\region\kkj.res" 825
"..\..\..\Engine\Content\Internationalization\icudt53l\lang\kl.res" 826
"..\..\..\Engine\Content\Internationalization\icudt53l\region\kl.res" 827
"..\..\..\Engine\Content\Internationalization\icudt53l\lang\kln.res" 828
"..\..\..\Engine\Content\Internationalization\icudt53l\region\kln.res" 829
"..\..\..\Engine\Content\Internationalization\icudt53l\lang\km.res" 830
"..\..\..\Engine\Content\Internationalization\icudt53l\region\km.res" 831
"..\..\..\Engine\Content\Internationalization\icudt53l\lang\kn.res" 832
"..\..\..\Engine\Content\Internationalization\icudt53l\region\kn.res" 833
"..\..\..\Engine\Content\Internationalization\icudt53l\lang\ko.res" 834
"..\..\..\Engine\Content\Internationalization\icudt53l\region\ko.res" 835
"..\..\..\Engine\Content\Internationalization\icudt53l\lang\kok.res" 836
"..\..\..\Engine\Content\Internationalization\icudt53l\region\kok.res" 837
"..\..\..\Engine\Content\Internationalization\icudt53l\lang\ks.res" 838
"..\..\..\Engine\Content\Internationalization\icudt53l\lang\ks_Arab.res" 839
"..\..\..\Engine\Content\Internationalization\icudt53l\lang\ks_IN.res" 840
"..\..\..\Engine\Content\Internationalization\icudt53l\lang\ks_Arab_IN.res" 841
"..\..\..\Engine\Content\Internationalization\icudt53l\region\ks_IN.res" 842
"..\..\..\Engine\Content\Internationalization\icudt53l\region\ks_Arab_IN.res" 843
"..\..\..\Engine\Content\Internationalization\icudt53l\region\ks_Arab.res" 844
"..\..\..\Engine\Content\Internationalization\icudt53l\region\ks.res" 845
"..\..\..\Engine\Content\Internationalization\icudt53l\lang\ksb.res" 846
"..\..\..\Engine\Content\Internationalization\icudt53l\region\ksb.res" 847
"..\..\..\Engine\Content\Internationalization\icudt53l\lang\ksf.res" 848
"..\..\..\Engine\Content\Internationalization\icudt53l\region\ksf.res" 849
"..\..\..\Engine\Content\Internationalization\icudt53l\lang\kw.res" 850
"..\..\..\Engine\Content\Internationalization\icudt53l\region\kw.res" 851
"..\..\..\Engine\Content\Internationalization\icudt53l\lang\ky.res" 852
"..\..\..\Engine\Content\Internationalization\icudt53l\lang\ky_Cyrl.res" 853
"..\..\..\Engine\Content\Internationalization\icudt53l\lang\ky_KG.res" 854
"..\..\..\Engine\Content\Internationalization\icudt53l\lang\ky_Cyrl_KG.res" 855
"..\..\..\Engine\Content\Internationalization\icudt53l\region\ky_KG.res" 856
"..\..\..\Engine\Content\Internationalization\icudt53l\region\ky_Cyrl_KG.res" 857
"..\..\..\Engine\Content\Internationalization\icudt53l\region\ky_Cyrl.res" 858
"..\..\..\Engine\Content\Internationalization\icudt53l\region\ky.res" 859
"..\..\..\Engine\Content\Internationalization\icudt53l\lang\lag.res" 860
"..\..\..\Engine\Content\Internationalization\icudt53l\region\lag.res" 861
"..\..\..\Engine\Content\Internationalization\icudt53l\lang\leet.res" 862
"..\..\..\Engine\Content\Internationalization\icudt53l\lang\lg.res" 863
"..\..\..\Engine\Content\Internationalization\icudt53l\region\lg.res" 864
"..\..\..\Engine\Content\Internationalization\icudt53l\lang\lkt.res" 865
"..\..\..\Engine\Content\Internationalization\icudt53l\region\lkt.res" 866
"..\..\..\Engine\Content\Internationalization\icudt53l\lang\ln.res" 867
"..\..\..\Engine\Content\Internationalization\icudt53l\region\ln.res" 868
"..\..\..\Engine\Content\Internationalization\icudt53l\lang\lo.res" 869
"..\..\..\Engine\Content\Internationalization\icudt53l\region\lo.res" 870
"..\..\..\Engine\Content\Internationalization\icudt53l\lang\lt.res" 871
"..\..\..\Engine\Content\Internationalization\icudt53l\region\lt.res" 872
"..\..\..\Engine\Content\Internationalization\icudt53l\lang\lu.res" 873
"..\..\..\Engine\Content\Internationalization\icudt53l\region\lu.res" 874
"..\..\..\Engine\Content\Internationalization\icudt53l\lang\luo.res" 875
"..\..\..\Engine\Content\Internationalization\icudt53l\region\luo.res" 876
"..\..\..\Engine\Content\Internationalization\icudt53l\lang\luy.res" 877
"..\..\..\Engine\Content\Internationalization\icudt53l\region\luy.res" 878
"..\..\..\Engine\Content\Internationalization\icudt53l\lang\lv.res" 879
"..\..\..\Engine\Content\Internationalization\icudt53l\region\lv.res" 880
"..\..\..\Engine\Content\Internationalization\icudt53l\lang\mas.res" 881
"..\..\..\Engine\Content\Internationalization\icudt53l\region\mas.res" 882
"..\..\..\Engine\Content\Internationalization\icudt53l\lang\mer.res" 883
"..\..\..\Engine\Content\Internationalization\icudt53l\region\mer.res" 884
"..\..\..\Engine\Content\Internationalization\icudt53l\lang\mfe.res" 885
"..\..\..\Engine\Content\Internationalization\icudt53l\region\mfe.res" 886
"..\..\..\Engine\Content\Internationalization\icudt53l\lang\mg.res" 887
"..\..\..\Engine\Content\Internationalization\icudt53l\region\mg.res" 888
"..\..\..\Engine\Content\Internationalization\icudt53l\lang\mgh.res" 889
"..\..\..\Engine\Content\Internationalization\icudt53l\region\mgh.res" 890
"..\..\..\Engine\Content\Internationalization\icudt53l\lang\mgo.res" 891
"..\..\..\Engine\Content\Internationalization\icudt53l\region\mgo.res" 892
"..\..\..\Engine\Content\Internationalization\icudt53l\lang\mk.res" 893
"..\..\..\Engine\Content\Internationalization\icudt53l\region\mk.res" 894
"..\..\..\Engine\Content\Internationalization\icudt53l\lang\ml.res" 895
"..\..\..\Engine\Content\Internationalization\icudt53l\region\ml.res" 896
"..\..\..\Engine\Content\Internationalization\icudt53l\lang\mn.res" 897
"..\..\..\Engine\Content\Internationalization\icudt53l\lang\mn_Cyrl.res" 898
"..\..\..\Engine\Content\Internationalization\icudt53l\lang\mn_MN.res" 899
"..\..\..\Engine\Content\Internationalization\icudt53l\lang\mn_Cyrl_MN.res" 900
"..\..\..\Engine\Content\Internationalization\icudt53l\region\mn_MN.res" 901
"..\..\..\Engine\Content\Internationalization\icudt53l\region\mn_Cyrl_MN.res" 902
"..\..\..\Engine\Content\Internationalization\icudt53l\region\mn_Cyrl.res" 903
"..\..\..\Engine\Content\Internationalization\icudt53l\region\mn.res" 904
"..\..\..\Engine\Content\Internationalization\icudt53l\lang\mr.res" 905
"..\..\..\Engine\Content\Internationalization\icudt53l\region\mr.res" 906
"..\..\..\Engine\Content\Internationalization\icudt53l\lang\ms.res" 907
"..\..\..\Engine\Content\Internationalization\icudt53l\lang\ms_Latn.res" 908
"..\..\..\Engine\Content\Internationalization\icudt53l\lang\ms_BN.res" 909
"..\..\..\Engine\Content\Internationalization\icudt53l\lang\ms_Latn_BN.res" 910
"..\..\..\Engine\Content\Internationalization\icudt53l\region\ms_BN.res" 911
"..\..\..\Engine\Content\Internationalization\icudt53l\region\ms_Latn_BN.res" 912
"..\..\..\Engine\Content\Internationalization\icudt53l\region\ms_Latn.res" 913
"..\..\..\Engine\Content\Internationalization\icudt53l\region\ms.res" 914
"..\..\..\Engine\Content\Internationalization\icudt53l\lang\ms_MY.res" 915
"..\..\..\Engine\Content\Internationalization\icudt53l\lang\ms_Latn_MY.res" 916
"..\..\..\Engine\Content\Internationalization\icudt53l\region\ms_MY.res" 917
"..\..\..\Engine\Content\Internationalization\icudt53l\region\ms_Latn_MY.res" 918
"..\..\..\Engine\Content\Internationalization\icudt53l\lang\ms_SG.res" 919
"..\..\..\Engine\Content\Internationalization\icudt53l\lang\ms_Latn_SG.res" 920
"..\..\..\Engine\Content\Internationalization\icudt53l\region\ms_SG.res" 921
"..\..\..\Engine\Content\Internationalization\icudt53l\region\ms_Latn_SG.res" 922
"..\..\..\Engine\Content\Internationalization\icudt53l\lang\mt.res" 923
"..\..\..\Engine\Content\Internationalization\icudt53l\region\mt.res" 924
"..\..\..\Engine\Content\Internationalization\icudt53l\lang\mua.res" 925
"..\..\..\Engine\Content\Internationalization\icudt53l\region\mua.res" 926
"..\..\..\Engine\Content\Internationalization\icudt53l\lang\my.res" 927
"..\..\..\Engine\Content\Internationalization\icudt53l\region\my.res" 928
"..\..\..\Engine\Content\Internationalization\icudt53l\lang\naq.res" 929
"..\..\..\Engine\Content\Internationalization\icudt53l\region\naq.res" 930
"..\..\..\Engine\Content\Internationalization\icudt53l\lang\nb.res" 931
"..\..\..\Engine\Content\Internationalization\icudt53l\lang\nb_NO.res" 932
"..\..\..\Engine\Content\Internationalization\icudt53l\region\nb_NO.res" 933
"..\..\..\Engine\Content\Internationalization\icudt53l\region\nb.res" 934
"..\..\..\Engine\Content\Internationalization\icudt53l\lang\nd.res" 935
"..\..\..\Engine\Content\Internationalization\icudt53l\region\nd.res" 936
"..\..\..\Engine\Content\Internationalization\icudt53l\lang\ne.res" 937
"..\..\..\Engine\Content\Internationalization\icudt53l\region\ne.res" 938
"..\..\..\Engine\Content\Internationalization\icudt53l\lang\nl.res" 939
"..\..\..\Engine\Content\Internationalization\icudt53l\region\nl.res" 940
"..\..\..\Engine\Content\Internationalization\icudt53l\lang\nl_BE.res" 941
"..\..\..\Engine\Content\Internationalization\icudt53l\region\nl_BE.res" 942
"..\..\..\Engine\Content\Internationalization\icudt53l\lang\nmg.res" 943
"..\..\..\Engine\Content\Internationalization\icudt53l\region\nmg.res" 944
"..\..\..\Engine\Content\Internationalization\icudt53l\lang\nn.res" 945
"..\..\..\Engine\Content\Internationalization\icudt53l\lang\nn_NO.res" 946
"..\..\..\Engine\Content\Internationalization\icudt53l\region\nn_NO.res" 947
"..\..\..\Engine\Content\Internationalization\icudt53l\region\nn.res" 948
"..\..\..\Engine\Content\Internationalization\icudt53l\lang\nnh.res" 949
"..\..\..\Engine\Content\Internationalization\icudt53l\region\nnh.res" 950
"..\..\..\Engine\Content\Internationalization\icudt53l\lang\nus.res" 951
"..\..\..\Engine\Content\Internationalization\icudt53l\region\nus.res" 952
"..\..\..\Engine\Content\Internationalization\icudt53l\lang\nyn.res" 953
"..\..\..\Engine\Content\Internationalization\icudt53l\region\nyn.res" 954
"..\..\..\Engine\Content\Internationalization\icudt53l\lang\om.res" 955
"..\..\..\Engine\Content\Internationalization\icudt53l\region\om.res" 956
"..\..\..\Engine\Content\Internationalization\icudt53l\lang\or.res" 957
"..\..\..\Engine\Content\Internationalization\icudt53l\region\or.res" 958
"..\..\..\Engine\Content\Internationalization\icudt53l\lang\pa.res" 959
"..\..\..\Engine\Content\Internationalization\icudt53l\lang\pa_Arab.res" 960
"..\..\..\Engine\Content\Internationalization\icudt53l\lang\pa_PK.res" 961
"..\..\..\Engine\Content\Internationalization\icudt53l\lang\pa_Arab_PK.res" 962
"..\..\..\Engine\Content\Internationalization\icudt53l\region\pa_PK.res" 963
"..\..\..\Engine\Content\Internationalization\icudt53l\region\pa_Arab_PK.res" 964
"..\..\..\Engine\Content\Internationalization\icudt53l\region\pa_Arab.res" 965
"..\..\..\Engine\Content\Internationalization\icudt53l\lang\pa_Guru.res" 966
"..\..\..\Engine\Content\Internationalization\icudt53l\lang\pa_IN.res" 967
"..\..\..\Engine\Content\Internationalization\icudt53l\lang\pa_Guru_IN.res" 968
"..\..\..\Engine\Content\Internationalization\icudt53l\region\pa_IN.res" 969
"..\..\..\Engine\Content\Internationalization\icudt53l\region\pa_Guru_IN.res" 970
"..\..\..\Engine\Content\Internationalization\icudt53l\region\pa_Guru.res" 971
"..\..\..\Engine\Content\Internationalization\icudt53l\region\pa.res" 972
"..\..\..\Engine\Content\Internationalization\icudt53l\lang\pl.res" 973
"..\..\..\Engine\Content\Internationalization\icudt53l\region\pl.res" 974
"..\..\..\Engine\Content\Internationalization\icudt53l\lang\ps.res" 975
"..\..\..\Engine\Content\Internationalization\icudt53l\region\ps.res" 976
"..\..\..\Engine\Content\Internationalization\icudt53l\lang\pt.res" 977
"..\..\..\Engine\Content\Internationalization\icudt53l\lang\pt_AO.res" 978
"..\..\..\Engine\Content\Internationalization\icudt53l\lang\pt_PT.res" 979
"..\..\..\Engine\Content\Internationalization\icudt53l\region\pt_AO.res" 980
"..\..\..\Engine\Content\Internationalization\icudt53l\region\pt_PT.res" 981
"..\..\..\Engine\Content\Internationalization\icudt53l\region\pt.res" 982
"..\..\..\Engine\Content\Internationalization\icudt53l\lang\pt_CV.res" 983
"..\..\..\Engine\Content\Internationalization\icudt53l\region\pt_CV.res" 984
"..\..\..\Engine\Content\Internationalization\icudt53l\lang\pt_GW.res" 985
"..\..\..\Engine\Content\Internationalization\icudt53l\region\pt_GW.res" 986
"..\..\..\Engine\Content\Internationalization\icudt53l\lang\pt_MO.res" 987
"..\..\..\Engine\Content\Internationalization\icudt53l\region\pt_MO.res" 988
"..\..\..\Engine\Content\Internationalization\icudt53l\lang\pt_MZ.res" 989
"..\..\..\Engine\Content\Internationalization\icudt53l\region\pt_MZ.res" 990
"..\..\..\Engine\Content\Internationalization\icudt53l\lang\pt_ST.res" 991
"..\..\..\Engine\Content\Internationalization\icudt53l\region\pt_ST.res" 992
"..\..\..\Engine\Content\Internationalization\icudt53l\lang\pt_TL.res" 993
"..\..\..\Engine\Content\Internationalization\icudt53l\region\pt_TL.res" 994
"..\..\..\Engine\Content\Internationalization\icudt53l\lang\rm.res" 995
"..\..\..\Engine\Content\Internationalization\icudt53l\region\rm.res" 996
"..\..\..\Engine\Content\Internationalization\icudt53l\lang\rn.res" 997
"..\..\..\Engine\Content\Internationalization\icudt53l\region\rn.res" 998
"..\..\..\Engine\Content\Internationalization\icudt53l\lang\ro.res" 999
"..\..\..\Engine\Content\Internationalization\icudt53l\lang\ro_MD.res" 1000
"..\..\..\Engine\Content\Internationalization\icudt53l\region\ro_MD.res" 1001
"..\..\..\Engine\Content\Internationalization\icudt53l\region\ro.res" 1002
"..\..\..\Engine\Content\Internationalization\icudt53l\lang\rof.res" 1003
"..\..\..\Engine\Content\Internationalization\icudt53l\region\rof.res" 1004
"..\..\..\Engine\Content\Internationalization\icudt53l\lang\ru.res" 1005
"..\..\..\Engine\Content\Internationalization\icudt53l\region\ru.res" 1006
"..\..\..\Engine\Content\Internationalization\icudt53l\lang\ru_UA.res" 1007
"..\..\..\Engine\Content\Internationalization\icudt53l\lang\rw.res" 1008
"..\..\..\Engine\Content\Internationalization\icudt53l\region\rw.res" 1009
"..\..\..\Engine\Content\Internationalization\icudt53l\lang\rwk.res" 1010
"..\..\..\Engine\Content\Internationalization\icudt53l\region\rwk.res" 1011
"..\..\..\Engine\Content\Internationalization\icudt53l\lang\saq.res" 1012
"..\..\..\Engine\Content\Internationalization\icudt53l\region\saq.res" 1013
"..\..\..\Engine\Content\Internationalization\icudt53l\lang\sbp.res" 1014
"..\..\..\Engine\Content\Internationalization\icudt53l\region\sbp.res" 1015
"..\..\..\Engine\Content\Internationalization\icudt53l\lang\seh.res" 1016
"..\..\..\Engine\Content\Internationalization\icudt53l\region\seh.res" 1017
"..\..\..\Engine\Content\Internationalization\icudt53l\lang\ses.res" 1018
"..\..\..\Engine\Content\Internationalization\icudt53l\region\ses.res" 1019
"..\..\..\Engine\Content\Internationalization\icudt53l\lang\sg.res" 1020
"..\..\..\Engine\Content\Internationalization\icudt53l\region\sg.res" 1021
"..\..\..\Engine\Content\Internationalization\icudt53l\lang\shi.res" 1022
"..\..\..\Engine\Content\Internationalization\icudt53l\lang\shi_Latn.res" 1023
"..\..\..\Engine\Content\Internationalization\icudt53l\lang\shi_MA.res" 1024
"..\..\..\Engine\Content\Internationalization\icudt53l\lang\shi_Tfng_MA.res" 1025
"..\..\..\Engine\Content\Internationalization\icudt53l\lang\shi_Tfng.res" 1026
"..\..\..\Engine\Content\Internationalization\icudt53l\region\shi_MA.res" 1027
"..\..\..\Engine\Content\Internationalization\icudt53l\region\shi_Tfng_MA.res" 1028
"..\..\..\Engine\Content\Internationalization\icudt53l\region\shi_Tfng.res" 1029
"..\..\..\Engine\Content\Internationalization\icudt53l\region\shi.res" 1030
"..\..\..\Engine\Content\Internationalization\icudt53l\region\shi_Latn.res" 1031
"..\..\..\Engine\Content\Internationalization\icudt53l\lang\si.res" 1032
"..\..\..\Engine\Content\Internationalization\icudt53l\region\si.res" 1033
"..\..\..\Engine\Content\Internationalization\icudt53l\lang\sk.res" 1034
"..\..\..\Engine\Content\Internationalization\icudt53l\region\sk.res" 1035
"..\..\..\Engine\Content\Internationalization\icudt53l\lang\sl.res" 1036
"..\..\..\Engine\Content\Internationalization\icudt53l\region\sl.res" 1037
"..\..\..\Engine\Content\Internationalization\icudt53l\lang\sn.res" 1038
"..\..\..\Engine\Content\Internationalization\icudt53l\region\sn.res" 1039
"..\..\..\Engine\Content\Internationalization\icudt53l\lang\so.res" 1040
"..\..\..\Engine\Content\Internationalization\icudt53l\region\so.res" 1041
"..\..\..\Engine\Content\Internationalization\icudt53l\lang\sq.res" 1042
"..\..\..\Engine\Content\Internationalization\icudt53l\region\sq.res" 1043
"..\..\..\Engine\Content\Internationalization\icudt53l\lang\sr.res" 1044
"..\..\..\Engine\Content\Internationalization\icudt53l\lang\sr_Cyrl.res" 1045
"..\..\..\Engine\Content\Internationalization\icudt53l\lang\sr_BA.res" 1046
"..\..\..\Engine\Content\Internationalization\icudt53l\lang\sr_Cyrl_BA.res" 1047
"..\..\..\Engine\Content\Internationalization\icudt53l\region\sr_BA.res" 1048
"..\..\..\Engine\Content\Internationalization\icudt53l\region\sr_Cyrl_BA.res" 1049
"..\..\..\Engine\Content\Internationalization\icudt53l\region\sr_Cyrl.res" 1050
"..\..\..\Engine\Content\Internationalization\icudt53l\region\sr.res" 1051
"..\..\..\Engine\Content\Internationalization\icudt53l\lang\sr_ME.res" 1052
"..\..\..\Engine\Content\Internationalization\icudt53l\lang\sr_Latn_ME.res" 1053
"..\..\..\Engine\Content\Internationalization\icudt53l\lang\sr_Latn.res" 1054
"..\..\..\Engine\Content\Internationalization\icudt53l\region\sr_ME.res" 1055
"..\..\..\Engine\Content\Internationalization\icudt53l\region\sr_Latn_ME.res" 1056
"..\..\..\Engine\Content\Internationalization\icudt53l\region\sr_Latn.res" 1057
"..\..\..\Engine\Content\Internationalization\icudt53l\lang\sr_RS.res" 1058
"..\..\..\Engine\Content\Internationalization\icudt53l\lang\sr_Cyrl_RS.res" 1059
"..\..\..\Engine\Content\Internationalization\icudt53l\region\sr_RS.res" 1060
"..\..\..\Engine\Content\Internationalization\icudt53l\region\sr_Cyrl_RS.res" 1061
"..\..\..\Engine\Content\Internationalization\icudt53l\lang\sr_XK.res" 1062
"..\..\..\Engine\Content\Internationalization\icudt53l\lang\sr_Cyrl_XK.res" 1063
"..\..\..\Engine\Content\Internationalization\icudt53l\region\sr_XK.res" 1064
"..\..\..\Engine\Content\Internationalization\icudt53l\region\sr_Cyrl_XK.res" 1065
"..\..\..\Engine\Content\Internationalization\icudt53l\lang\sr_Latn_BA.res" 1066
"..\..\..\Engine\Content\Internationalization\icudt53l\region\sr_Latn_BA.res" 1067
"..\..\..\Engine\Content\Internationalization\icudt53l\lang\sr_Latn_RS.res" 1068
"..\..\..\Engine\Content\Internationalization\icudt53l\region\sr_Latn_RS.res" 1069
"..\..\..\Engine\Content\Internationalization\icudt53l\lang\sv.res" 1070
"..\..\..\Engine\Content\Internationalization\icudt53l\region\sv.res" 1071
"..\..\..\Engine\Content\Internationalization\icudt53l\lang\sv_FI.res" 1072
"..\..\..\Engine\Content\Internationalization\icudt53l\region\sv_FI.res" 1073
"..\..\..\Engine\Content\Internationalization\icudt53l\lang\sw.res" 1074
"..\..\..\Engine\Content\Internationalization\icudt53l\region\sw.res" 1075
"..\..\..\Engine\Content\Internationalization\icudt53l\lang\swc.res" 1076
"..\..\..\Engine\Content\Internationalization\icudt53l\region\swc.res" 1077
"..\..\..\Engine\Content\Internationalization\icudt53l\lang\ta.res" 1078
"..\..\..\Engine\Content\Internationalization\icudt53l\region\ta.res" 1079
"..\..\..\Engine\Content\Internationalization\icudt53l\lang\te.res" 1080
"..\..\..\Engine\Content\Internationalization\icudt53l\region\te.res" 1081
"..\..\..\Engine\Content\Internationalization\icudt53l\lang\teo.res" 1082
"..\..\..\Engine\Content\Internationalization\icudt53l\region\teo.res" 1083
"..\..\..\Engine\Content\Internationalization\icudt53l\lang\th.res" 1084
"..\..\..\Engine\Content\Internationalization\icudt53l\lang\th_TH.res" 1085
"..\..\..\Engine\Content\Internationalization\icudt53l\region\th_TH.res" 1086
"..\..\..\Engine\Content\Internationalization\icudt53l\region\th.res" 1087
"..\..\..\Engine\Content\Internationalization\icudt53l\lang\ti.res" 1088
"..\..\..\Engine\Content\Internationalization\icudt53l\region\ti.res" 1089
"..\..\..\Engine\Content\Internationalization\icudt53l\lang\to.res" 1090
"..\..\..\Engine\Content\Internationalization\icudt53l\region\to.res" 1091
"..\..\..\Engine\Content\Internationalization\icudt53l\lang\tr.res" 1092
"..\..\..\Engine\Content\Internationalization\icudt53l\region\tr.res" 1093
"..\..\..\Engine\Content\Internationalization\icudt53l\lang\twq.res" 1094
"..\..\..\Engine\Content\Internationalization\icudt53l\region\twq.res" 1095
"..\..\..\Engine\Content\Internationalization\icudt53l\lang\tzm.res" 1096
"..\..\..\Engine\Content\Internationalization\icudt53l\lang\tzm_Latn.res" 1097
"..\..\..\Engine\Content\Internationalization\icudt53l\lang\tzm_MA.res" 1098
"..\..\..\Engine\Content\Internationalization\icudt53l\lang\tzm_Latn_MA.res" 1099
"..\..\..\Engine\Content\Internationalization\icudt53l\region\tzm_MA.res" 1100
"..\..\..\Engine\Content\Internationalization\icudt53l\region\tzm_Latn_MA.res" 1101
"..\..\..\Engine\Content\Internationalization\icudt53l\region\tzm_Latn.res" 1102
"..\..\..\Engine\Content\Internationalization\icudt53l\region\tzm.res" 1103
"..\..\..\Engine\Content\Internationalization\icudt53l\lang\ug.res" 1104
"..\..\..\Engine\Content\Internationalization\icudt53l\lang\ug_Arab.res" 1105
"..\..\..\Engine\Content\Internationalization\icudt53l\lang\ug_CN.res" 1106
"..\..\..\Engine\Content\Internationalization\icudt53l\lang\ug_Arab_CN.res" 1107
"..\..\..\Engine\Content\Internationalization\icudt53l\region\ug_CN.res" 1108
"..\..\..\Engine\Content\Internationalization\icudt53l\region\ug_Arab_CN.res" 1109
"..\..\..\Engine\Content\Internationalization\icudt53l\region\ug_Arab.res" 1110
"..\..\..\Engine\Content\Internationalization\icudt53l\region\ug.res" 1111
"..\..\..\Engine\Content\Internationalization\icudt53l\lang\uk.res" 1112
"..\..\..\Engine\Content\Internationalization\icudt53l\region\uk.res" 1113
"..\..\..\Engine\Content\Internationalization\icudt53l\lang\ur.res" 1114
"..\..\..\Engine\Content\Internationalization\icudt53l\region\ur.res" 1115
"..\..\..\Engine\Content\Internationalization\icudt53l\lang\uz.res" 1116
"..\..\..\Engine\Content\Internationalization\icudt53l\lang\uz_Arab.res" 1117
"..\..\..\Engine\Content\Internationalization\icudt53l\lang\uz_AF.res" 1118
"..\..\..\Engine\Content\Internationalization\icudt53l\lang\uz_Arab_AF.res" 1119
"..\..\..\Engine\Content\Internationalization\icudt53l\region\uz_AF.res" 1120
"..\..\..\Engine\Content\Internationalization\icudt53l\region\uz_Arab_AF.res" 1121
"..\..\..\Engine\Content\Internationalization\icudt53l\region\uz_Arab.res" 1122
"..\..\..\Engine\Content\Internationalization\icudt53l\lang\uz_Cyrl.res" 1123
"..\..\..\Engine\Content\Internationalization\icudt53l\lang\uz_UZ.res" 1124
"..\..\..\Engine\Content\Internationalization\icudt53l\lang\uz_Latn_UZ.res" 1125
"..\..\..\Engine\Content\Internationalization\icudt53l\lang\uz_Latn.res" 1126
"..\..\..\Engine\Content\Internationalization\icudt53l\region\uz_UZ.res" 1127
"..\..\..\Engine\Content\Internationalization\icudt53l\region\uz_Latn_UZ.res" 1128
"..\..\..\Engine\Content\Internationalization\icudt53l\region\uz_Latn.res" 1129
"..\..\..\Engine\Content\Internationalization\icudt53l\region\uz.res" 1130
"..\..\..\Engine\Content\Internationalization\icudt53l\region\uz_Cyrl.res" 1131
"..\..\..\Engine\Content\Internationalization\icudt53l\lang\vai.res" 1132
"..\..\..\Engine\Content\Internationalization\icudt53l\lang\vai_Latn.res" 1133
"..\..\..\Engine\Content\Internationalization\icudt53l\lang\vai_LR.res" 1134
"..\..\..\Engine\Content\Internationalization\icudt53l\lang\vai_Vaii_LR.res" 1135
"..\..\..\Engine\Content\Internationalization\icudt53l\lang\vai_Vaii.res" 1136
"..\..\..\Engine\Content\Internationalization\icudt53l\region\vai_LR.res" 1137
"..\..\..\Engine\Content\Internationalization\icudt53l\region\vai_Vaii_LR.res" 1138
"..\..\..\Engine\Content\Internationalization\icudt53l\region\vai_Vaii.res" 1139
"..\..\..\Engine\Content\Internationalization\icudt53l\region\vai.res" 1140
"..\..\..\Engine\Content\Internationalization\icudt53l\region\vai_Latn.res" 1141
"..\..\..\Engine\Content\Internationalization\icudt53l\lang\vi.res" 1142
